[ 2 ]
prime 0
[ 3 ]
prime 0
[ 4 ]
2.2
{ 10 }
2.11
{ 37 }
prime 2
[ 5 ]
prime 0
[ 6 ]
2.3
{ 11 }
prime 1
[ 7 ]
prime 0
[ 8 ]
2.2.2
{ 42 }
2.3.13
{ 183 }
3.331
{ 253 }
23.113
{ 727 }
prime 4
[ 9 ]
3.3
{ 15 }
3.11
{ 53 }
prime 2
[ 10 ]
2.11
{ 37 }
prime 1
[ 11 ]
prime 0
[ 12 ]
2.2.3
{ 43 }
prime 1
[ 13 ]
prime 0
[ 14 ]
2.13
{ 39 }
3.31
{ 61 }
prime 2
[ 15 ]
3.11
{ 53 }
prime 1
[ 16 ]
2.2.2.2
{ 170 }
2.11.101
{ 2385 }
3.3.11.311
{ 15733 }
prime 3
[ 17 ]
prime 0
[ 18 ]
2.3.3
{ 47 }
prime 1
[ 19 ]
prime 0
[ 20 ]
2.2.11
{ 165 }
3.11.23
{ 859 }
prime 2
[ 21 ]
3.13
{ 55 }
11.23
{ 91 }
13.31
{ 125 }
11.11.11
{ 1365 }
3.11.13.31
{ 13693 }
prime 5
[ 22 ]
2.23
{ 43 }
prime 1
[ 23 ]
prime 0
[ 24 ]
2.2.2.3
{ 171 }
3.3.103
{ 979 }
23.1121
{ 2905 }
11.13.1103
{ 22355 }
11.101.10013
{ 345351 }
3.130012231
{ 901549 }
23.221.133033
{ 3053519 }
13.1222133321
{ 7776249 }
3.31.223.1020131
{ 64672285 }
11.301111310321
{ 96820537 }
23.201210321023
{ 193351243 }
prime 11
[ 25 ]
11.11
{ 85 }
11.101
{ 337 }
prime 2
[ 26 ]
2.31
{ 45 }
3.3.11
{ 245 }
11.13.13
{ 1399 }
prime 3
[ 27 ]
3.3.3
{ 63 }
3.3.13
{ 247 }
31.103
{ 851 }
113.211
{ 1509 }
3.13313
{ 3575 }
11.11.23.31
{ 21949 }
233.13103
{ 48595 }
11.2113313
{ 91639 }
prime 8
[ 28 ]
2.2.13
{ 167 }
prime 1
[ 29 ]
prime 0
[ 30 ]
2.3.11
{ 181 }
prime 1
[ 31 ]
prime 0
[ 32 ]
2.2.2.2.2
{ 682 }
2.23.133
{ 2783 }
23.23.113
{ 11991 }
3.13.20323
{ 56891 }
prime 4
[ 33 ]
3.23
{ 59 }
prime 1
[ 34 ]
2.101
{ 145 }
11.131
{ 349 }
prime 2
[ 35 ]
11.13
{ 87 }
3.131
{ 221 }
31.101
{ 849 }
3.10123
{ 3355 }
11.23.331
{ 5885 }
11.23.1223
{ 23403 }
3.131.10031
{ 226573 }
113.2121323
{ 386683 }
23.20211101
{ 756049 }
13.122113213
{ 1943015 }
11.101.11211023
{ 22108491 }
3.3.3.21113.111113
{ 266696023 }
23.1130133031211
{ 762442597 }
13.13.312223.1011133
{ 8043286879 }
prime 14
[ 36 ]
2.2.3.3
{ 175 }
11.11.13
{ 1367 }
prime 2
[ 37 ]
prime 0
[ 38 ]
2.103
{ 147 }
3.13.13
{ 887 }
prime 2
[ 39 ]
3.31
{ 61 }
prime 1
[ 40 ]
2.2.2.11
{ 677 }
prime 1
[ 41 ]
prime 0
[ 42 ]
2.3.13
{ 183 }
3.331
{ 253 }
23.113
{ 727 }
prime 3
[ 43 ]
prime 0
[ 44 ]
2.2.23
{ 171 }
3.3.103
{ 979 }
23.1121
{ 2905 }
11.13.1103
{ 22355 }
11.101.10013
{ 345351 }
3.130012231
{ 901549 }
23.221.133033
{ 3053519 }
13.1222133321
{ 7776249 }
3.31.223.1020131
{ 64672285 }
11.301111310321
{ 96820537 }
23.201210321023
{ 193351243 }
prime 11
[ 45 ]
3.3.11
{ 245 }
11.13.13
{ 1399 }
prime 2
[ 46 ]
2.113
{ 151 }
prime 1
[ 47 ]
prime 0
[ 48 ]
2.2.2.2.3
{ 683 }
prime 1
[ 49 ]
13.13
{ 119 }
13.101
{ 465 }
3.11.133
{ 3423 }
3.13.2203
{ 14243 }
prime 4
[ 50 ]
2.11.11
{ 597 }
3.3013
{ 967 }
prime 2
[ 51 ]
3.101
{ 209 }
23.103
{ 723 }
3.3301
{ 1009 }
prime 3
[ 52 ]
2.2.31
{ 173 }
prime 1
[ 53 ]
prime 0
[ 54 ]
2.3.3.3
{ 191 }
prime 1
[ 55 ]
11.23
{ 91 }
13.31
{ 125 }
11.11.11
{ 1365 }
3.11.13.31
{ 13693 }
prime 4
[ 56 ]
2.2.2.13
{ 679 }
13.1201
{ 1889 }
prime 2
[ 57 ]
3.103
{ 211 }
prime 1
[ 58 ]
2.131
{ 157 }
prime 1
[ 59 ]
prime 0
[ 60 ]
2.2.3.11
{ 693 }
3.3.13.23
{ 3963 }
3.110221
{ 13609 }
133.12313
{ 32183 }
prime 4
[ 61 ]
prime 0
[ 62 ]
2.133
{ 159 }
3.311
{ 245 }
11.13.13
{ 1399 }
prime 3
[ 63 ]
3.3.13
{ 247 }
31.103
{ 851 }
113.211
{ 1509 }
3.13313
{ 3575 }
11.11.23.31
{ 21949 }
233.13103
{ 48595 }
11.2113313
{ 91639 }
prime 7
[ 64 ]
2.2.2.2.2.2
{ 2730 }
2.3.11.13.31
{ 46461 }
3.101.32033
{ 214927 }
3011.101003
{ 808003 }
13.130023211
{ 1950437 }
223.1003.22211
{ 11341477 }
13.1033.11000131
{ 122638365 }
3.3.11.223.331.100033
{ 4121941007 }
211.12220332030203
{ 10043515683 }
3.3.131.1213.20203.22223
{ 265591230123 }
3.1102130310231220321
{ 913164130873 }
prime 11
[ 65 ]
11.31
{ 93 }
3.133
{ 223 }
prime 2
[ 66 ]
2.3.23
{ 187 }
23.101
{ 721 }
13.1213
{ 1895 }
11.11323
{ 5499 }
3.3.31.233
{ 16239 }
3.1110211
{ 54565 }
11.13.120113
{ 357911 }
1013.1013.1013
{ 4671303 }
3.13.31.1013.3301
{ 58542065 }
11.230222133331
{ 95594493 }
3.221.2331233213
{ 245095399 }
223.32321.1131131
{ 737040221 }
113.133.11333.222023
{ 6305610379 }
113.20021.2000132011
{ 25242896261 }
23.321311.2113120103
{ 51126040083 }
3.123011021.211200221
{ 235235858473 }
13.23.12301.122322201131
{ 2120395499613 }
3.3.1013013013.3011132203
{ 16798095005603 }
211.221.22110001002013033
{ 41397378097615 }
11.101.101203.121312120010101
{ 1483347919995153 }
3.3.1231.112000032311133021031
{ 17369397749740109 }
101.311.10120201331002013220221
{ 80310015017646633 }
3.3.3.22210103313301222233230023
{ 286701221524994827 }
1003.1301333022023.20202102103223
{ 1214985812354606315 }
11.3033223301.10022002033020010133
{ 6699932663622172959 }
3.133.3221.220301.333012011.1233331013
{ 64538425987576561479 }
3.3310003.10321023003321120330133033
{ 291704028813070682063 }
3312012223.13020231031.21032012132201
{ 1134956021947399956385 }
11.31001033.1013023121113.31212032330311
{ 6863616941613565669173 }
3.3.23.1103.210003113.1102103333021101133023
{ 296713864600961532893131 }
1210222113330211013.213330221322323331131
{ 475363309797969903730525 }
11.11.13.210310010113213202212233302010232303
{ 6458191343853079120858035 }
3.3.3.3.3.3.11.31.331.1030013.1120330331.1023002132000111
{ 4950994934348965985777213461 }
1301.2032213.1001003300332323112202122021221112103
{ 35144215065863225062195631507 }
321032121323.103330311302201221.1211312203102321201
{ 283364870003809032297371217505 }
11.2113.3201013.3123102031021103.1213002233203212033133
{ 1772580823081427226802349040607 }
1223.3100123.10012333113032031200110003122231200213213
{ 8541918076993013492652013128167 }
32113.13200201321233112232212233002233032012023120301
{ 18211965134253964982674559383089 }
3.101.3301.1122232322201.312002021323003221021221230213123
{ 266134104677792744939285561919963 }
3.113.223.13313.33311.211101300110131112230231230300213320333
{ 4374501286034004208435140160028223 }
3.13.13.1133023.1001033103000231331.3313302100213021032322010323
{ 287968606827117511411634285397647675 }
11.11.13.2211211.1331123330221023020233222000001221123002000312101
{ 7101228284252853195747784954187615633 }
103.2321302301.303122021202321301.13231321102313203031322331023223
{ 26220026453794327029384088622044271339 }
13.223.22223011.11110313121132300331.10232031221121010232123123123213
{ 653537638782575240041302255659945670375 }
3.11.11.11.113.1003.11232113.13330111.230000310313.13020201222221212003231211321
{ 4645998843513551370407668112638963558046073 }
3.3.11131.32113.122032002221.2032333310232023.1110222111111320311222011212030201
{ 342131278606844519706895839413326586389619489 }
3033332001202020131321.10232022020102103320010013100010003132110002010123221
{ 1159466612794907202916383376998688377593677545 }
3.3.3.11.10303.3212023010200232133000301033.1123130012312212203310330301313213312323
{ 90389441340032347188364323363609351306497392059 }
3.13.212113200030002002032313.11001331101312012031032113322033102102200022021333221
{ 1269667855916823383474589882342587069447157620713 }
13.323.1021.21101.233131.11011321.3131012332101131332301213233302330201323011012122122101
{ 46337587292043562263486356005317833954740749837969 }
3.320131.11212310111.31320330133331023330301.2131203021020122113201012023320100201122223
{ 363122650892677356081303016862534517806313572013739 }
13213.20022123102013021003032203233223212031303332012131110223330100130021130203102131
{ 712496929106828730109919981739939757713725213258909 }
13.211.110113.33230003231.12002031101232013031300331000102130311022002321213123013200120331
{ 11348697118472335980944572658403538860496132614522429 }
3.31.233.103333.1131302120110021113330211032101.2110020002122030001323122213311331303201313123
{ 369590365584921542075004042575118889696630462193999323 }
233.111001020022223120231221031003121211031132011320000003101331110110333133012300300120111
{ 1133290037623066312103187779820425729905046233538561557 }
13.11131.323000233112030132322211102002100321332031.1112003311220301033030330213213321200230123
{ 11251154323052061783995057508831375319329094150847335195 }
11.3103.1121120333010020023331333.2020201311101303301300221.21210100022310233201302321330002002003
{ 142842873132456413230867100228964096670316427803928567939 }
3.233.2303.30330121.1022302313313330201013301203011233300102220211033032100120300313111301022020331
{ 1469371306748476460431121292344940210059588810568752210493 }
3.3.13.1003.1312211321.330230301031111.11133202110001323122223200023.1200120211323132200113100102323301033
{ 388024580685843476394268445296126062181113277089365606775887 }
13.22332323.303131110330213003220101211202013332300201021113333201010131110321330021103130001231201123
{ 771979003440270776392812413868889868229989996449096431753307 }
13.133.1013.321113.2113002011211020230301101023101.33131112311221013332003301220021022232001302123002112003
{ 12033978501851991553624060996997697128460824904788643439977859 }
133.10331.11103101.2112233113332221203123103222223301110000023200302131303313032223330021000111003131102101
{ 201252238486860913790598531602483280139357583164615786389951633 }
3.303211.12311022331331.10000230321313311023233.13210000220323011213210321133031123113101210220220321000303011
{ 6262810803563624892386347332975987058367218218704829683673074885 }
11.13.3013.10201112312231130010013102212031232220001210233.133223300013123011022011211313023221020201101032011333
{ 144439835494173125444367530291265282675700255728804028481674731903 }
3.3.3.3.3.3.13231030212121112332131110333133322323110223321131310321031211133310111022332310222122311103101122000113
{ 1684783424762652138503124141699728546942023305070263261685417877527 }
131023.10200121.13323313.131213330302333.20000102131122003331.30003221210111203132003.1121333321003331210312230200130203
{ 196647708597661746530232695478465874328233157690648408074148130195235 }
11.1002101.1033210112221022101.10202013132122011323011011323222023201202312032120100202211310102021212213233231110220213
{ 9073845094842773154775240908272581443322478229440482158003692512823847 }
3.13.113.223.1021.22033331.3120310101200201132211233.12231003031110313203113311023211212300331100211223303233103122330012020311
{ 1528597214908987043473501618877437618519828687550767964920626124050948661 }
101.331.10220131.231021011.3000322002022032020003312230133.10221332011233323222112330320123311.10301101332103330301300013310021223
{ 126913675469657614104243791459441358149100471890524909467317568794074759787 }
31210211.2233332012011023210113112021.1323030220033332320021001212021023311300031013001020230130231333300101123132323032210113
{ 383665921819880654473967052462871068644932116735542018210852239193389459735 }
11.103.103.13230300300031322122030112110121230102020002101303013332321231123033031021111101303031012323201123321111333322102132303
{ 9591983560213061065321987784749511065135652613538439156862897284236391819187 }
3.13.2000211031032211.12102000120001001.33001120312033113202113313.2031303330113211311202110303.213120313021230331320011220101121022033
{ 401670244172755653716250073961644542983367465694171103796015855710094693339791 }
1121.11213.2123120202112033231331220030311022002122311101310312321113.2323203320031331101131011321030231022100131130211311211312210213
{ 2586539913737799634742708618040064102227379548995384984969135299682094366026023 }
331.11303200332200033233.1000212032021330130021210332322210203223200202030121332230023030000103320320223013213301003101222331202023331
{ 28421310899324486143033450509679567978182642020880504565640292754477301984797437 }
3.3.211233313211.100103332322011132313021.13101120231231012000201220303.12033023021113311213133030021033022022032103010231102220103113312303
{ 1848501105063570426699973746330977754974976947787201175272929529227981068711067059 }
101.12121.30311.2313101222012121113023230221112321133330003113123231032212110022011022333200022322330123211013133302231023231320000303333233
{ 8252642288434229278212981619561126922487563987150203205029598472529044085871427567 }
3.132133.2021220020023000022213103231213201032202023331311301113102231.1122212130302310330012101013212222310002002222232031230031103033002013
{ 105524851782933720622944778955315593637711168516349519490381405822109644330080465031 }
1222103.2131313.110313031.32130001011331321.1022001203301100213.3320012132133212031210113000100112300211.221023130132332003330122313323322310332211
{ 3226849227607558355645279618225982151406259041472405224813892625502793583630394019749 }
1002310201331.121131012200313300132130311001101013022022003233311002220022332333113111100332213033023221113322320101233122112200000031313101021
{ 8113166984170037117231560301424450711236981563140380520476950724406259932134072874057 }
3.1003.111302131012322203.2120202011201033323.1203212231023220330323.10030001113130333211001.10001133102331002302133013122223311013330120233212230301003
{ 6491159572677736651588334401131978937718900169021087299005405665164657961112935817989187 }
211033.103003223.201322003.10101021320023.101020002132023.1330201022330212210221123202012232222102030130122311232001222130333110121132123001101010231300311
{ 1185269362032763364834385051500079591450883941376788706242287739218740986448409873662270517 }
30111211103021101.331300201333022003313112213.2131201310302103210311030322000101112231231311013.1101111103122030321031213233310213301100123313322020300111
{ 6282845968791208940265302268224586085661800690996181635820847970100558508571874001450208277 }
31.322122121223213.1023123121313003221132303.32013123202120130011031221102301332121231102022302101220330232111213131202003123333201032102021030023303321111
{ 28340661512407313234394166242868493417448459892069728773480273000901761854429609331662995029 }
31.2113.110233.20230031.1113111031223.1103100002102201.33130233201310112022202111.1010213201203022112331122013011033212321.112130130222300220212303312131212033313123
{ 28350033518938435207955756897204898699448676170770535283779133006246809435336794166117923356123 }
13.1330003310213022313.132233122121213310223.201113112313021002232221301030031031322102101102332021200133021033312210120231221132303032332012202030223113023130101
{ 249797285241749016624445110095405372599184159020028057571385004690339042483554395847601139005201 }
103.103.11103230013030302312313130130011100012200023211221131131011101103333200020001003010020001330132300222121121110311331221033223323212333311303332230322231221
{ 2576809136350541295818927280348749031865256923324193852850946788078423213033768609658596037471081 }
13.3120331102213.111213020131212111311002110100223210321131321001.2122323131212122110321312230323203210111310231233.33322330323121202332323110013210302021100333033313
{ 16762138820170492191808515963940816730181643622793647512946926799990468920345924853717895550858231 }
10123.12131300213110323331331322302313110133332232101.1221133311200312221311000221102000233023212020103230021.222220130011331002230321010212121333111231020000202302131
{ 151336850648942763331596461275792871399621791476390193814615127341405183454032922338388206688545949 }
3.3.133133110111212303332031110122020120211203202333032312120313232110102313222233100032103131232321303331302312200330000222111220202302102133111100220210130200103311
{ 529452094248678726811649260733558382104607062196306686322247222248599976793357390043109590496838901 }
1103000333.11030110102132330120021032313.3211100113032003213210212303230231.221012020020100112033202220230002000113112021323000302131013213202110221112332322033001303201
{ 2837119144529430370844868805733428734057986117435639065109126063726138245051713097637267115370880225 }
11.11.23.23101200223.301233320233232001001.330133000020013010321021.2111103100201332210000013223220212112123331132030302201113312122330320302210111013110030011321302323013221
{ 46879091893015219384557615794260053928288982628002183066093708906442303211111664776000340379860447721 }
3.122203.1122133313.111031121321.210300111031100312130001023303223220330301300220030203322210031113202300310330001313233123221310201330320023330100230312213002121000322100333
{ 1912115568547808633767168068013224411950154990014651841511502261387486163632011072828466468165263795263 }
3.10033.11101.33330310032002231020132231.113232130002200331000233021110011112210203110303012121001330313131.2031131113313013023330030320112331120000123232122200221111311032010203
{ 117003218078816253690400049658101776521157401607433930368333132096150718124199662908887289218863090426147 }
3.3232211.13002031211321131012332213233101323332013131230021002332030123112133.22213332011323310112302111312301300012330103011021332301113231112023210030302210222321012032313103
{ 563623362356191588965238203262987168358367130428264140806045400040452211441469301621541763261882410003923 }
23.101.103.10123311131.303333113200300332013232210132113123101311312203.110020121012133201212233110131101333102200101332230122010301033133131113101230103230310310232131031200223323211
{ 103393957352345791726764782198269388836181000996588784305643182760517807542443559735864549051216460135972581 }
3.3.13.13.1013210311000132301.113121211333033123021211103200013123210113322001103032112332330323331310212003130110223023230321133213311233020031313232303133011031000101202033321300112131
{ 9080602263577861719112114263415019286597441910832984539889860268420670543479749580463809403634530584745149853 }
3.3.3.31.31.113023.20030303101220123132122020133031.13121022211213123010321131122303121201203003032303.22013223021120102211122202003313022213133020121000133223300100321023232222213211331302323
{ 599955832722444506957493003349287911471263134582535738213150075417392436504275327422532448897046086548599594171 }
1311221.2132120011.101001232030211112030330013.3111133200122232031312223031031322130323002211.333102000103320303001303223333302331102202022012120221200012201211333200200133013000312011113031
{ 4420907512218004376325358138217003957460941377048576620213496842277751068709868454409902345233812338483379328461 }
10111.2113122320333.3003221222031303203310033333101011010230301311021220101322031023100302231032102031.330020131232302002033102310123201233210231311132310323232302231103312203022330201131003
{ 10430966770957778981448740844008146627240437200125777174210786091212855029013363280225358830469502075716695627587 }
113.1033.130212122213220300122032131333121.333112002123033120101320321101221123033.2200200322033202203300203201301012213301100313.2031001223133210113310303101233313333303202031022311100212112023
{ 224236849688164060732087357439123610459021634618721166640013060877669300949254608891553983553226319163314336327051 }
31.221.2231010203.12233330220230102101.21310021311223033003011221021210222011121201320313233010200110313230303021220020100231201213202321131123133013130003331202012100121102101213031300001330011
{ 2101110198798662502897883525612428115773161089043905389960720972713993181885570861807898467612723345932040204721925 }
11.11.10311001331010013.1132203113232303211320203.322331033121111232003303003.1033212013102232332031131203233100120131.1010122210032012011013313001230322303100023033202030211000032033333123022022223233
{ 840265391191698698692745157339327616284805817182435764122709117308931696904276811495160672922157573315254601600510703 }
3.103.222310121303200232123023.2231220312321011310103302312102221123231011.31030032333002113022323021210000332102331033231120213323202110323020032020133110333100130111111031333033010011310310233323101
{8340184973432103367334617165579723292481058503937829589689669655032531107383136208585695528865482194150465100473106129}
2210132220101.1330303130111120111001130230233.222033011213100132312322103111123312301313310130221213312200120023130300013102101102201331003203012032132332211030133030331332213311220000332312322330033
{ 25923144481284406071916882503997931330166206903871231693367005048501842359140996617446339365489734669151500338955267855 }
11.103.11323.3301322022322201131012031030302020121203030113110313133313212212231111302100232203.103303102102130322132303032220212301320231130201333230121131232221223120203222221113311011300322023210110001
{ 855801588533105746089177648136331024937410572543300376794462218231831942190350210537505955137897912303122620216651957505 }
3.11.23.21003021331.110311000103020130010311330321213.230230221032121212013132130303232020000033002231201110002212123203130311231020032203211100212121320112022110131113331002233321100310022101322001202001213
{ 34681454974870633792322387449834723724624501475665123701109356712917312519574032161256993535333735486533233989970959933543 }
2333.3133.1010010113.11313222310331.203032101031033310212131120212301332023122001332232032211131103213.12000323233100332221312210021232213330210103301300231210000032223130111121122100103230202213113113210020103
{ 1981847161872666602627327399826907016780190045799822714472096447959525683857303594922058960778454950350118984202505821241875 }
3.11.11.11.11.13.123313.3122231.13030102112201001111101.123031203120231013223211223.21013032322211002213302220211010102120333331310033131222213022203331.1130130230003322120100022101320022200112000111011231303113100333310223
{ 36102491688926766468916868182608453272238382403739590389601725482333055571498844001755982739120600334998117281951836758010494251 }
12101.12223320133.31003230221133102032021021221313.101002110320021131113313031333301001002020201.110220303030033030030220113123110321000210000032213.102023023203312200303230231313203110003232000120021100202113312323033211
{ 4347652809375919356004552767097090503834618963193092063887642911487637347525771645447826957199779628392345386936890835653833241573 }
1223333.202030131213310120020302013313231302030000111223121112201011.123311020203103313030133333010300130201233231320320103321222321000211210220130233301022332201023112120312123013110033131011203313200303210003221313133
{ 18714259446494349375931338386068135181860070638433409650672440499262885831840938919183342302682064458720449017963200914653319175647 }
23.1021.2131.30000233.13203002203031.13021333221012003031010323003010303.12210220223100010013323021000003332022012113101022102001132302130113331.3113231203000133321302312002011032333111121012210211223310220110123320112130030311
{ 2002987825887997971792748498429362847575198928714324730385731434323564304536937623306004430086098179053054093307111366816104609071925 }
11.11.1021.11213.113102211222210332311.3012210032132213020001012332300023323332212320011213130003211321111022312321331021202101100001311310033213022202023322122003010100313222210311232311322311002230320300320103301033103203203313
{ 242146681904425120627610236695930619915980174922078902073252209212749006735268788984047742587800534735058381111803185036063880210430199 }
113.101203.333103.11301133202203312033201.21132120102000002321121330030332301213211111132300332330003130202003010330131313203321302311002033003231020023001033133231112223110211212031212302213201030031023000022022333113102200013221
{ 4229185873003550551774553433983374729453458216271447206032094306618524525110703855159933606221227522075856179113795223802603804444721641 }
31.2033213010103133331211220001300332321113122232130001201322122312131230220010212130011131.3030100031332312022321012302033230000212201131322010213210112021111012102113312001333202110103123200311033021303003120210223001320212301
{ 9856644114244285465413290979969441695260791722012869168072649676448918259622870801020822662778084920979728542782024055817296311841425841 }
3.121033112303.1332122032033.12021220030223.3231213010320313.10010033022202323211230000110230032300112300101003232132110312001023321232321302000001012031033302033133031100012021122020133012332131111302201200231033210230031000233221203
{ 631593610769392834970423003654966758978972250880655966220189184364011485789757939166775840813410985576968928478804423263372866694175455843 }
2003013233.2012323021.10200231322232230013.301302211103220122123001211322002301102233320112302323123200311222033223311200003323.32111030100221001120003121102131020301020211330332230031130020303013122200030103011130032012002313323312221
{ 6099443493353824591590771258035307531147720289678373875553395960473808878227338613800643972061623244566827686295917952923272445282788294057 }
130311101323.2201321132113.131121313221302101201.3321321230212132213312213132112222030333200333311031010122032001302312331323232320301.100002021123212331133323222020223331110020332132101312202000122211122303100022122032200010233200210331
{ 85838150059823814440890182653687102950410197510438736904267165756040481450524605902554582525587206924204424063993551959077869574018847082813 }
3.1013.2231213103010222221011201.303012032133123103323201021311220323222212320001030313323003332123110002220120111113110111101222031103013133311010121311230031033021123021021212202220010330322302210310332030013302011121133311202313221221
{ 624958071841051166261398962269228766978197109443911459439244730039511636212121960509689092746562680636425689535524585264412221800853346679401 }
3.13.1213.132023.2003120021.10321203113302220110130031130023233112022230312301313333.110331132203313222111101330000333211000233110123012033221322332102230002002311322313232232010020003121313302011233213200213121103210313113110213310312223310033
3131213132023200312002110321203113302220110130031130023233112022230312301313333110331132203313222111101330000333211000233110123012033221322332102230002002311322313232232010020003121313302011233213200213121103210313113110213310312223310033
{ 168904235013939460729167706097910576471397982805483651013412896262640161635129275003761103813941250474009770701237363017999138305649140234370319 }
31.133.21023.222030311.11310130133121321333022001231032221233210032132012021000302202122003003113011320120211233013330112132013000110102322330323000111123310123312221012001321322320220222231000100122001200103112010321023011220100333223023132003
{ 2632676295971487661490255321312243492401873768893966493299915671277990399916540549487250496227630796470194819355381056619353846409908254795413379 }
101.(154863311527734568322956195371308440729521986405527440782347980663411199995090620558073558601625340968834989373845944507020814494700485576200787)
#1000@1m,4590@11m
