[ 2 ]
prime 0
[ 3 ]
prime 0
[ 4 ]
2.2
{ 12 }
2.2.3
{ 63 }
3.3.12
{ 457 }
prime 3
[ 5 ]
prime 0
[ 6 ]
2.3
{ 13 }
prime 1
[ 7 ]
prime 0
[ 8 ]
2.2.2
{ 62 }
2.111
{ 281 }
prime 2
[ 9 ]
3.3
{ 18 }
2.3.3
{ 68 }
2.2.32
{ 317 }
prime 3
[ 10 ]
2.10
{ 55 }
10.21
{ 136 }
2.2.2.32
{ 1567 }
prime 3
[ 11 ]
prime 0
[ 12 ]
2.2.3
{ 63 }
3.3.12
{ 457 }
prime 2
[ 13 ]
prime 0
[ 14 ]
2.12
{ 57 }
3.34
{ 94 }
2.142
{ 297 }
3.3.3.21
{ 2336 }
2.2.2.2.2.243
{ 195323 }
122.132104
{ 583404 }
2.2.3.221.11142
{ 24800797 }
12.241.1024.2414
{ 369618484 }
2.2.4003.21334312
{ 3126355582 }
2.12.230433.1331331
{ 70224089591 }
prime 10
[ 15 ]
3.10
{ 80 }
2.2.2.2.10
{ 7805 }
10.12.1343
{ 82723 }
prime 3
[ 16 ]
2.2.2.2
{ 312 }
2.2.2.3.23
{ 7838 }
2.111134
{ 35169 }
3.34.4432
{ 59367 }
3.12.21.2012
{ 1288382 }
2.131103231
{ 4550441 }
12.32.2210424
{ 15038239 }
prime 7
[ 17 ]
prime 0
[ 18 ]
2.3.3
{ 68 }
2.2.32
{ 317 }
prime 2
[ 19 ]
prime 0
[ 20 ]
2.2.10
{ 305 }
10.221
{ 686 }
2.12.12.12
{ 35807 }
221.4322
{ 38712 }
2.2.2.3.22423
{ 979738 }
2.111133434
{ 4396119 }
3.12.23.1003403
{ 161187978 }
2.3.12.3444.221231
{ 3249992066 }
2.34.1321.3042.13041
{ 84641866646 }
2.14042101.33420443
{ 361192091998 }
2.4131.1140424201224
{ 2186613115814 }
2.120403042434323112
{ 8722701089157 }
3.21.3224.2213114333121
{ 66149283746036 }
2.2.4131421413124432014
{ 245419156874009 }
34.3143112100204331321
{ 375313037964586 }
2.111.20203.122024.224021314
{ 26838021756860834 }
2.23.1002443432.2024113301002
{ 753459768582556377 }
3.4101323124422141202413314
{ 1145222927825044834 }
2.43.203204.442032433311311101
{ 4376621159167291401 }
3.104.104.20014.140033244223330133
{ 602357423252831073793 }
12.12.20203.2410011.11010044.1034030101
{ 169889202141729972955026 }
2.3.2133.41222.23301322324.10232232314204
{ 7840674383802577036213679 }
prime 22
[ 21 ]
3.12
{ 82 }
2.131
{ 291 }
3.342
{ 472 }
2.2.2.214
{ 7809 }
3.34.1022
{ 58887 }
3.3.3.3.10402
{ 1463227 }
4003.43114
{ 1574784 }
2.2.2.2.2.2.2.3.3.20432
{ 3051776367 }
3.3.43.232.2133.11001
{ 115610291376 }
2.2.2.2.3.214.40422312333
{ 9542716604093 }
32.32.203.2233442432404
{ 67509167936604 }
2.2.3.414.12130404.103411342
{ 6091532185997722 }
2.131.1044.31132033000240304
{ 138873789585946329 }
3.32.10323402341201402434004
{ 1099448479349264879 }
3021441.103204333.101043344133
{ 23065198661672246793 }
3.12.221.122340013032331410200303
{ 614601497898616881328 }
2.2.2.2.23.23.43.1024.3134.4003.1142324220213
{ 1455388433776706880304433 }
241.144011.4041310133324.23210042241242
{ 8311173577818844834337072 }
2.2.2.2.1044204.2313211.203342311.3111223303233
{ 4543676885500980019104509818 }
2.34.2414.30211.43323.442020003340421403120433
{ 25311379125057258720921535743 }
3.2443.4212.10234421.20102141.340433130304100231
{ 818141981939090430326739518816 }
2.2.2.2.2.23022.2012031.221211214311.1012313022433100234
{ 1776384092012846910118336939346944 }
2.2.2.2.2.2.2.2.2.2.2102341241421121431.3204041000142442311410431
{ 27755575299785059389974674236567685116 }
2.2.3.11114021.403343323011012032312020113344210142120322323
{ 702226169275862753522818217451264229713 }
3.3.1112.2311.202403143103121143303224003040234024112012331141
{ 25329805533462106411930264551364564573921 }
243423041.1023121434412111.10242241031344433144412222211212041
{ 512821439212751010849670577024074096585271 }
21.31003.22234233.4041334323324213432430224043104042242012342214
{ 2019412540311522588537953228562291888793434 }
2.3.101243.11422333.100411242044334212023.1114341342143031031310104202
{ 1432522684354019676884902203665627994661409927 }
10314.2131042343444244431432010402010040141013013342004203344233303
{ 3076817844503663522203224862877402405866789828 }
2.2.10424.1100000320232044101320004230404024000220021233201132102240123
{ 165836268366764705133457415841548486889975040038 }
2.3.23.1234010424302342.3203021424211324431434202.3321012141442132124240314
{ 4584961909612566884010937027425389794829672493209 }
201342441033204222031.11231310122331403140034434204010314143034004440344
{ 17545018118204970154534266139529313585949255936974 }
2.3.3.3.3.2034.23413.320231.114030044.133323432410414142.4022302142241210310011202122
{ 14555679182290746357516254127185710526647840732522162 }
2.43.203.1231044.11321301111231.1031202121444104403.123004313033434030030033000322022
{ 9717909382849681124097494829108857584485508426548839012 }
2.2.231204103124.3432013413434200444213011.133413330244042120341322313110333022221432
{ 207315788870544747935385261451064794490383482612486523367 }
43022113331341021234312.2324020110311240011434103222240403223232232210210322032011
{ 382126985971029035309529762129302660531014700086778705256 }
2.2.2.3.3.3.3.3.32.131.423.40041.31140201203.234333444221413044241111011404201120000101412431120433
{ 648819605735130303113464723437997593573345506801611783066993 }
34132.12414333211.20201213231201003004340211230121.443304442411202400412443201444302101234
{ 4998890502657102496472831704651365706229444015438031493393944 }
2.2.2.3.23.14041012.4142322040334313013.440232232031430010243001104344340310134140404231342033002
{ 405234062596475854265274970672320488272961041071584193001517877 }
3.12.1021320114101.1030130223142011204210213414443200402.2204014223324023424332432204401341300211
{ 66415730078934288544524938832935618870456180267865535505325728181 }
3.43.21210213432.23001432412134040112401410134023340444144244200244241043132032330044212212402142
{ 397667688911890141719542904627675625169277260610362120519887622172 }
2.2.3.110304103221443.100014101104331414.11314230310044301001340031303032414432201240113330012234013113
{ 159653003636191399001881204424737691056580175429470384865836196391658 }
2.221.221.3203324311043.12224022143323.2122001313000101331342.11221243004333110301334.13310112333344444020212
{ 98290013833157567127087369116093866181992624856490756205864952099595057 }
3.3.3.3.1202442.33444431120123040034211221233343420412032114.3234110224230010024222420134213232313134341233324
{ 3694115486107952510135829482643509452172572881900718904158815541591352339 }
12.12.12.111.21044.202404200142134404233.203243042220241300103322112313104.23241303122431222320141142212414304441121
{ 4493797010885306360047325193906460269784842627338681288931529698866669218286 }
2.23.140233.30403133422.1101442210133241023101241001243334431333220040320430234341303230322200320344212410242421341
{ 195256609529101619866947755469109158018667252198593920519133651583845909342096 }
2.2.2.2.3.3.3.1033303011.20242001323.11014202404121.111010142032144330421244410212203323430444130232321344204432200100313314231
{ 3011632875712666625109846884982482200995609156121657568160947916614742047169276191 }
23.32.1142422313033004421314034341.4021444304400303321324420044414004014.11110234141202423344134001111223411422120421420124
{ 82400104288952855216662624434137854857094161776509524627587384872213130398507607539 }
23.32.43002320223141.1131344314421011203303434201342322321112.111223343212340040010424200013132030101012111301424333314432142
{ 2063879845957194776590488022727937820119897055407670053663242531122330309354186874047 }
12.12.32.33122.132344130413.143434001114443.40442110011310242442421020012404134100031140302211432330040000440320100000004003102443
{ 137455183430949234224136893323702284660637281765957685063453856008276400891113289112873 }
3.12.10103.21141442010124422010111301040013.112013013424340014220002010144021.241132411403414323434411032311323410330004412040230132
{ 38654535692460516300219108416405516018286078017308169993010296296543573243067628138992542 }
2.1011402.12314204440004.221000311312234323301123341123.202003222220241142301141433340221120134341224013032311434231210122312311004344
{ 3248639578169243729154746629884558826417192687532028813619043684906683062431588906899703724 }
2.2.3.12121.130314232003334010341.2020413042301321341204434.213044022141312131413422040204412301003.14444201002244214111233034441122204031211
{ 2324967081897290754156419803727733362337074417970289568152063429961336196955099842680981314556 }
2.2.1014232414243.2432224142233211210220110032223142413420441212001032321420023444300143404433430312240003214330341144221143011420003004133
{ 56089763648044724298485980949025895500788097531169065949907022000084107680922531838929902391168 }
2.2.2.2.2.2.2.1103244244020114421031041.12124232340301102014420321043411040403340134.113041234133134423130223204124402201020043311212441140400223442034
{ 896825179984040028300557808604499781659010891000925701826078004733219230399398209074241527295921519 }
3.423433.10144014433142304.1011411202133101022322342331133043143.40021043042040414301200402144201043222020120221131421124242204332131140441101004113
{ 35080135397515363129135456001957543470424667091014538067968007962166498210518840995278233836906656783 }
142.141434.233041.21320204212042131001.210011103444410203133200302410044411102.1441334304023413403142423214342313012020232041134401443001030231022424033
{ 2124397659458113668170789426258189169396681535922812166943474703105957524409053211259532920871711139268 }
2.2.133.32101112012200032301.243022401303102303222.11211041022044222431030413231201.231122333042000210012403442202112231324330322240203400143234311432412322
{ 346106909955028628841188343620532580972706768354674400177370502746102701434497309933137621308854896372837 }
2041.103220040414010334241114114420004340124211031401320201110231311301040321440024232432440213242302224434424242444343024304044323122113411133044420042
{ 1520284682597308452589223932284868837529105445984381747507825748528954576810197974335992318772395348045022 }
2.22431142223042234220410102341404110233143144002002430341.20220431334001434143324413411120334441233023332221423021414411212241223332231220323034030211431
{ 8818517019856052452415024712477555535848020096068054378895025519392475983321013479896422549501364295163366 }
2.3.3.21.14404.133210232412213202123331132431.2130312211010213402214001122411404313331142302201424210022004121023332320001131211231141430021332024410103421411203
{ 1199086465484374523725065068474721803450348726396240117801606836277127326399996720886734663849705195368935178 }
2.32.43.4401.21413.40111.1410400021212001021011034202.10221403043104024430040041404342113.21203143120310431410103300341322302.111430123111142141334023404322003212204124
{ 743985420502602119762271602132536347826207012076276491435241866566182475573387126190796058046624236440924725539 }
3.342.1024.3224.2300242.4321014303.301223420442301414214114122304111131131113441410000130434324212441041341312312420310130040342112223344443300424304113302132002000124
{ 25848675806398566222884010405234884916179343425721045946560853503591676535049722649723226064805741135669515656289 }
12.104.104.33001.1200332230132401212304.12314211203130310144332231411343442.4223333331330231131100302332014323243344413.12033344123401332102320234021331041030200430320311233
{ 30935229225306048446921603567333193278188792114319059417506945843150632261819669000127263166672133608421795880244568 }
2.2.2.23.423.114014.32310122113.1234032422013312444.113041242443331004332034.414332130223113030443312.4221413241220111411121042044343044.110332304300231322202432112023123440133031414
{ 167198130015593874449950791433403582066987141963057460619569435020836658135949788339573963353608331363078239847158877109 }
23.2133.2212242.44044324140424311203322.301332121312100444220444444242424311334220330401141201200133231341.12002233144120034041201213030201241130104241314200222043134234304302204
{ 4500129737583032034184102941563627712379741226574266495400981194441127444059134386454351304203684003626370667216688744054 }
2.3.32.34.34.102310224220144324011301034043441312303410321.1303244003124303012332432243044202431112010310323.30413222430121340130411130124034311322022022100131323042012444212300021244
{ 572624393638967426144862357329921194926683104208146493182282073185790605747277588722701812121079814049604040706878530470199 }
12.23.23.403.3341222324022131024343112341022244431440123.213113144221430121100022314100402131111401101111201134142332231141124240442322402214400022012440040401032221243342232444040102
{ 7874349104695906793187201196294525055585313427343712069890880078916066673613886164985241712414517854103042253252373667955652 }
2.2.3.23.2214442.3131341034241213203043324430333203034023012.110043000201012220102033410302104303204013013.300314121011331113324243100432214112240313020423114022123101414343400321230334311
{ 1658467176211584027890506125930332541592831913653080249549638609391719802373021205336282909425664380409670154047907983567433706 }
2.313.220411320040004.221022114331321122.3442022204433042201224244022343430344231411324243444142324021.2002401001111301324012334444123334244322422011321324233101423013102044131141332333042
{ 43522061723408440958612849534071821812236762220991910445300616149372667313212128583381136590445603827345132096890553263274886647 }
3.3.34.4131.11221.1332004313342424031421021232331323344321331243423432431121201310421422414024100413420103044313444212034242004214120441232341442441210024223323033121330243101434300203131312
{ 1533009404857105993186958878643619073505872384909252159616924408051036083815738377635331114531414384928422945687873642790430520832 }
2.2.2.2.2.2.2.2.2.3.21.122.102423141003311104103423232123.431312334444223040442212304011200342102144034221431311.2111401111313423112424421210204344112401314320004230114424013301141412334312244341343012424042
{ 398273055427012871697759060892678691332532093117989452815556762936746114193349246365483314057857981840400106943982071146803276802858022 }
2.2023.104202031411.113230014024201111203034322122404044134432213430414124442413404012102220030434.14201333210102123322040043342001140112013021243033220003033130133323210141013043241310344441332114143
{ 48214459488414086771578490296696669771661162355191299666292668474835170169071491805660395366829155846968380574889416218292032800286598048 }
2.2.2.2.2.1002334404.204202133010443.2431342434000144.131324021210303014.22043404234432023410222044003102321030104201120442.1342242344003343242431114203120420014304320411101223024211143113440024242023123404112241
{ 777729754784447328593700224812052763271358993487661430959108894231767871734450459314741444441657365864999212898558662209088144357974441082196 }
2.2.131.242144.3044020440243302431220342101333.1003344103404023441440223430324334211212203431434012423230221334034121100320300203023312423142013240134304144033201030011211324210343221402200024201432204101410002
{ 95932707696733447178923636818050077543730724884255177621451734306664596142019041561821938886412077999508948704205170935111580932195341170341252 }
2.2.131.20304411343.330322340424421.220014012444100123.130130413231212110410423011333404103400140213121.1241132231203441232214013411042341122041304430222140023202203120311031411214232101313120402441312444114441021232
{ 59951967302382078254311040624494183047699076792899620394807734655118399494181366936140125267550268744311699333009532177086478719760405212226501442 }
2.1002.11013241433110220410014113334324114031421100244241312222041442043332032441321000020201043231300003104100134444221342314043233221421412141020122034141124020233011324304034424431110404440220224344200403131143
{ 1339156662244643483334228067164139675757794471037802984565518648165236369679693899095721869001301467125737152623863059860303757010696165154884427048 }
2.2.2.243.30404404101.41441144411.40404141214140203202444101.1422410310243224214134113410423214341023231234232.231341340230333142132044420310432314040342230310401110344343024331131241323003122142040331220033312014423044221
{ 190181996445562894669884123721257773013413082955702159703400881632631784853440765009037176061730455597619883530135228719830964493916674366566669737436 }
2.2.12.12.12.342.3422.341434.1232114133403220121003.120311022432110140040124121133204020012432024321313410042120131411434.102324311111010312212003314113121224002213103413334434413441421201204431301124421011240044010402221110234444
{ 2917916291830087637382679817131675880413774634915153316334618375464928448067329300727732638658328949384670670052325795562677840158147633466812311398914999 }
122.414.3312231.333240441134212.4140210123111142242212.141013443100012114413300030104324003402342420030421422.2040042303443441214101441432330123111331231222414433314114342132012001314112310011413114133430443014441231013222033131
{ 44958968980398475030484375732634624729339552639237118452801438079349811292538943084935073241881594542976503535943575809780533663897457859872856034196283541 }
214.44331300004021414443.3110242424141113423444234322240431413123032312003124044430233330240113240021134203323211112041103131142210110033310031201300033441310100443240440430003424344144000222322130203314233200241234232330423
{ 71204072114235046837991692981200430392215465718105278742775403700963182426197822023613665589922382379370157702416402107928371240639558363179944628065511363 }
3.1321.144442114031.4001404443401.1233412231124402.3444441401131432442433340043.44201342041123444221224011010400231140120120221143042403013311230020023.11021200222133434222220324421111344311003141302240031011340001413334000031214202
{ 12382219304722882088720244482149892380933286493332570662120532779707410586536958305002751030729539224594720070914838088709799269742457843505249030571045179302 }
2.2113.10321013.410240124314344.1023313121233321.12241234140433323112412.212021133003343140424024032120243442133440324421424101301213323411102041043004321110310043240102433302123411412132433223402024440204441224124343442023422033212013
{ 5687057031570773307910784320358965938205241626935103314284927714780696002987714407983953946327167160058014129222515432782561958717637243731852729221255834272758 }
2.10424.12303.33001.430432102241100121431404240302344.10010413244314212103333210343140111433143132122201002402.10010230043323223123004144400143044013332033310413334104231001133103044200113104221304244222041220304330424232100232440142104434
{ 3240596725249413487006853805998053208789592973108846676938971972884228918394239967391764385484546486433876826325080059410829750648350590376821940595883195303472494 }
2.414.411110040444013214.(4584847301179378485618057770630272328768109668538879635163313438327870757614993000272978614361687624610847531232981776078461754048031227657412256337)
#[100@250k][1000@1m][4590@11m]



