[ 2 ]
prime 0
[ 3 ]
prime 0
[ 4 ]
2.2
{ 14 }
2.11
{ 79 }
prime 2
[ 5 ]
prime 0
[ 6 ]
2.3
{ 15 }
3.5
{ 23 }
prime 2
[ 7 ]
prime 0
[ 8 ]
2.2.2
{ 86 }
2.111
{ 475 }
5.5.31
{ 1279 }
prime 3
[ 9 ]
3.3
{ 21 }
3.11
{ 115 }
5.35
{ 203 }
11.45
{ 281 }
prime 4
[ 10 ]
2.5
{ 17 }
prime 1
[ 11 ]
prime 0
[ 12 ]
2.2.3
{ 87 }
3.45
{ 137 }
prime 2
[ 13 ]
prime 0
[ 14 ]
2.11
{ 79 }
prime 1
[ 15 ]
3.5
{ 23 }
prime 1
[ 16 ]
2.2.2.2
{ 518 }
2.11.101
{ 17101 }
11.11.1341
{ 336013 }
521.12021
{ 1502509 }
1435.30055
{ 2982131 }
301.301.1055
{ 30654539 }
1205.2124211
{ 82125871 }
prime 7
[ 17 ]
prime 0
[ 18 ]
2.3.3
{ 93 }
3.51
{ 139 }
prime 2
[ 19 ]
prime 0
[ 20 ]
2.2.5
{ 89 }
prime 1
[ 21 ]
3.11
{ 115 }
5.35
{ 203 }
11.45
{ 281 }
prime 3
[ 22 ]
2.15
{ 83 }
prime 1
[ 23 ]
prime 0
[ 24 ]
2.2.2.3
{ 519 }
3.445
{ 821 }
prime 2
[ 25 ]
5.5
{ 35 }
5.11
{ 187 }
15.25
{ 413 }
11.135
{ 1571 }
prime 4
[ 26 ]
2.21
{ 85 }
5.25
{ 197 }
prime 2
[ 27 ]
3.3.3
{ 129 }
3.111
{ 691 }
prime 2
[ 28 ]
2.2.11
{ 511 }
11.201
{ 1585 }
5.1245
{ 6797 }
11.4255
{ 10043 }
15.15.215
{ 87995 }
5.213251
{ 250879 }
45.105.551
{ 1362091 }
25.31.31305
{ 4910873 }
15.31.300441
{ 19385737 }
11.135205131
{ 73313263 }
prime 10
[ 29 ]
prime 0
[ 30 ]
2.3.5
{ 95 }
5.31
{ 199 }
prime 2
[ 31 ]
prime 0
[ 32 ]
2.2.2.2.2
{ 3110 }
2.5.1235
{ 22343 }
prime 2
[ 33 ]
3.15
{ 119 }
11.25
{ 269 }
prime 2
[ 34 ]
2.25
{ 89 }
prime 1
[ 35 ]
5.11
{ 187 }
15.25
{ 413 }
11.135
{ 1571 }
prime 3
[ 36 ]
2.2.3.3
{ 525 }
3.5.5.11
{ 5155 }
5.4435
{ 7511 }
11.45.101
{ 60733 }
prime 4
[ 37 ]
prime 0
[ 38 ]
2.31
{ 91 }
11.21
{ 265 }
5.125
{ 1133 }
15.251
{ 2479 }
101.151
{ 8059 }
prime 5
[ 39 ]
3.21
{ 121 }
15.15
{ 407 }
15.101
{ 2413 }
31.331
{ 4231 }
prime 4
[ 40 ]
2.2.2.5
{ 521 }
prime 1
[ 41 ]
prime 0
[ 42 ]
2.3.11
{ 547 }
prime 1
[ 43 ]
prime 0
[ 44 ]
2.2.15
{ 515 }
5.251
{ 1183 }
11.21.21
{ 9553 }
105.1025
{ 53369 }
215.2551
{ 108211 }
prime 5
[ 45 ]
3.3.5
{ 131 }
prime 1
[ 46 ]
2.35
{ 95 }
5.31
{ 199 }
prime 2
[ 47 ]
prime 0
[ 48 ]
2.2.2.2.3
{ 3111 }
3.25.141
{ 27061 }
prime 2
[ 49 ]
11.11
{ 259 }
11.101
{ 1549 }
prime 2
[ 50 ]
2.5.5
{ 107 }
prime 1
[ 51 ]
3.25
{ 125 }
5.5.5
{ 215 }
5.111
{ 1123 }
prime 3
[ 52 ]
2.2.21
{ 517 }
15.115
{ 2423 }
prime 2
[ 53 ]
prime 0
[ 54 ]
2.3.3.3
{ 561 }
3.15.25
{ 4301 }
15.25.35
{ 14891 }
prime 3
[ 55 ]
5.15
{ 191 }
prime 1
[ 56 ]
2.2.2.11
{ 3103 }
45.255
{ 6371 }
35.1141
{ 30085 }
5.15.2311
{ 248083 }
15.31.5255
{ 539027 }
105.140511
{ 1926043 }
11.11.35.11525
{ 72683981 }
prime 7
[ 57 ]
3.31
{ 127 }
prime 1
[ 58 ]
2.45
{ 101 }
prime 1
[ 59 ]
prime 0
[ 60 ]
2.2.3.5
{ 527 }
25.51
{ 643 }
prime 2
[ 61 ]
prime 0
[ 62 ]
2.51
{ 103 }
prime 1
[ 63 ]
3.3.11
{ 763 }
11.301
{ 1621 }
prime 2
[ 64 ]
2.2.2.2.2.2
{ 18662 }
2.11.51.111
{ 621043 }
prime 2
[ 65 ]
5.21
{ 193 }
prime 1
[ 66 ]
2.3.15
{ 551 }
31.45
{ 713 }
35.51
{ 859 }
prime 3
[ 67 ]
prime 0
[ 68 ]
2.2.25
{ 521 }
prime 1
[ 69 ]
3.35
{ 131 }
prime 1
[ 70 ]
2.5.11
{ 619 }
prime 1
[ 71 ]
prime 0
[ 72 ]
2.2.2.3.3
{ 3117 }
3.4451
{ 4927 }
21.1431
{ 17227 }
11.35.255
{ 59507 }
11.103205
{ 335093 }
15.105.3235
{ 3133175 }
5.5.35.41121
{ 9982057 }
prime 7
[ 73 ]
prime 0
[ 74 ]
2.101
{ 469 }
11.151
{ 1579 }
prime 2
[ 75 ]
3.5.5
{ 143 }
15.21
{ 409 }
prime 2
[ 76 ]
2.2.31
{ 523 }
prime 1
[ 77 ]
11.15
{ 263 }
prime 1
[ 78 ]
2.3.21
{ 553 }
11.211
{ 1591 }
101.111
{ 8035 }
5.11235
{ 40487 }
prime 4
[ 79 ]
prime 0
[ 80 ]
2.2.2.2.5
{ 3113 }
15.1151
{ 14539 }
11.51.151
{ 61195 }
5.132355
{ 245519 }
prime 4
[ 81 ]
3.3.3.3
{ 777 }
3.11.101
{ 24877 }
prime 2
[ 82 ]
2.105
{ 473 }
15.111
{ 2419 }
105.135
{ 8915 }
5.12131
{ 40663 }
11.101.421
{ 334741 }
15.352515
{ 543647 }
21.31.51.155
{ 3793679 }
1411.115505
{ 17133089 }
prime 8
[ 83 ]
prime 0
[ 84 ]
2.2.3.11
{ 3139 }
111.201
{ 9361 }
15.35.101
{ 90541 }
15.102035
{ 521447 }
prime 4
[ 85 ]
5.25
{ 197 }
prime 1
[ 86 ]
2.111
{ 475 }
5.5.31
{ 1279 }
prime 2
[ 87 ]
3.45
{ 137 }
prime 1
[ 88 ]
2.2.2.15
{ 3107 }
21.1035
{ 17087 }
11.15145
{ 56873 }
prime 3
[ 89 ]
prime 0
[ 90 ]
2.3.3.5
{ 563 }
prime 1
[ 91 ]
11.21
{ 265 }
5.125
{ 1133 }
15.251
{ 2479 }
101.151
{ 8059 }
prime 4
[ 92 ]
2.2.35
{ 527 }
25.51
{ 643 }
prime 2
[ 93 ]
3.51
{ 139 }
prime 1
[ 94 ]
2.115
{ 479 }
prime 1
[ 95 ]
5.31
{ 199 }
prime 1
[ 96 ]
2.2.2.2.2.3
{ 18663 }
3.44445
{ 29549 }
21.14305
{ 103361 }
105.15401
{ 321337 }
1435.3515
{ 497207 }
105.151.501
{ 1927549 }
21.51.34051
{ 3885007 }
11.111.135431
{ 72562987 }
11.25.25.434021
{ 452645725 }
5.5.11.51.1442141
{ 12777202285 }
5.2131.304245035
{ 70216555343 }
15.101.25041430041
{ 875601818377 }
15.21.1345.10155.134425
{ 192433789843793 }
53521.20024130331545
{ 573730330525049 }
141.121441.153455.1124251
{ 37311390005726983 }
51.15503455032252210201
{ 114544504867943449 }
21.25.151.24241443213322235
{ 1774378665448072079 }
15.335.145341.103525011011215
{ 55002599274093826043 }
21.2345.22414311.4550410300501
{ 382084836303557292373 }
21.24133455.214205345441224415
{ 2294645191890577285403 }
11.21431.1451245351.2435235225245
{ 45333122540357884663613 }
11.11.11.21.115.251.1055.10341.11301.205230245
{ 12377531561814204739155205013 }
1015.3515.355354041201.235250241341333105
{ 65223806641656493967736439361 }
4205.12505.55222353350542104330323220445
{ 269678125728052838579788237901 }
331.25225.45101.30524344255500334000534211
{ 1314921778405789712112828479167 }
305.140121532341135.4013522505313412531301
{ 7010436949083990856754483555413 }
11.130531.320241.3100445154015152334540114341
{ 96971511026947176781263322000981 }
51005.431551.1220345.1154451424124301432414151
{ 2488492470352699930205025060114739 }
35.2011.35521120221052153043130002134531545535
{ 11231541106276584804778772342003939 }
215.140423245115232035451105544502110203135441
{ 40077393454429855524880529276105521 }
11.2013424511143130003311.5452322023523220554221
{ 127174931057431238349641064310064101 }
102415.11020201.200543021.2510301202210242152345335
{ 4024619181933099614251917312965773595 }
5.4405.10515.1304335.432015205.112500452313333223155351
{ 778884542896430598620520512695757521459 }
1311.3214024202331055.10410411102104151123120032125215
{ 7444345331343373143963329824243368344075 }
5.5.11.1021.34240201254435.25110342451253155142225521324011
{ 1024235588714798856650665505276767506531559 }
35.1555.233055.251405511.103401115111.321001514441015054555325
{ 146651797043506660133876613871868235905694821 }
15.255.1053404220431.34120425043125412414103213004204232541035
{ 2601225103209539234431991506410313642924749839 }
31.334405551341213003021533424331513533213352404004004520405
{ 4435980110458597082914918064380423913834140565 }
5.35.35.115.100502450335033413403112251.111044434510541114025043305
{ 1658812992705875263382496359378910173426883007865 }
5.15.1143045.1210432310045.13502033104001.11402401310430000143440040355
{ 2018606186998398463548301381585751993704738997823695 }
5.102124300550234303011210154511523422235045200150052222243053342311
{ 11804972836734869679818871926743289988522310928622019 }
51.453533411.111442310121151335512525224451333421130325022054353233511
{ 72566156193902099714790768512387189857180327266180211 }
215.214452442551153414530213253404002213424510200054253334142513024425
{ 190135067587444901975347741933367738754914969234714465 }
5.15.135.345.41101.1132251044235.3135514452342011.30055242550551340213435245001
{ 94209995616753885676305137217093010361759973925412118265 }
5.15.21.141.32531.1054321.2432155322045451425343115341.3015345405315203532235433101
{ 122155474408449839897916713139312196563252362814077371878685 }
5.351151.41254111.4430201221.20505434312220523555150225.121212450235501540521553221
{ 4669903406703584218270519488459788607644142104210875979969101 }
11.1105.141341.41252505101.2020234122225.11001333213222030221.122140311131520423320412051
{ 7717820130247128820769386385245973609349836360194821671380478047 }
141.4422405.112245430104504011350214514125.42052054412224240025350354131555433243354551
{ 66246546601618720743618071223255031915144291534649071480106680675 }
5.5.335.20211.1112013513401.52444041013332125122021.1445225512504522305451132401434544132135
{ 8246192898062129712748800226037773898664540239254080510904690194299 }
15.104052441.2123324105341353203425.11440052441244034343304152201422343010134142335040103225
{ 559537559972762009516701136747520711879457872640565600894655943043393 }
11.421.21055.420125.205550024252355531315122041.350100503134504055131422512305145405103135151005
{ 13917429187157447300651412402578444671016890010216414814848707144790861 }
1004052224251.1132552135205211010153431504312224204150030142552340532441421555235512413412255
{ 66073728034475495489253646948950148244852602887272399528191380662011115 }
5.135131.3554151.532244325023105435211325.1111530102511151131410524200312130514342134401000050235
{ 2051555453987838077105650882997708442034411125751327890404453581749739439 }
11.15.103314230044233013205042103355331441313051515.21245040123020520120022515015125045321101121005
{ 102370075345252125369882147756182219093476013458142211019579138998402901661 }
2325.1023050001.535211544041023434003514012255.24514430152255402221223023142315522540124321151053535
{ 1300350763461422393604054130917328623910328523778778785973402113915196253539 }
15.101.405.3041.2115521.1001503151.215402502030415010010510403032015315.422253421101304401423205401150212221
{ 1216751604083430303279757105354431819420652058156140537400030150357462500161109 }
2451.21235.214423015135.201441213212010541531211.2132232421241520525330244344035422040133201544523150252441
{ 66134723150861714695739505507101579569144245690461124715271638431778551557760745 }
5.141.130244101.35452552125413031545132215.155341340052203033231403422411150342531550020301355343244200312531
{ 4473607690797220286537303262332164432063065980436565171732961841518257346789043367 }
15.2124024242503201352140243242013110345.11414333354335140155420202525530154550240552232221024140434335125341
{ 57779797731189542540251242186427051853468393128631978718472524034455660537584260093 }
101.141.325035050013532124033431401143512242344403530541.1513531035255441343404542331313412243213542454421010521
{ 1136495507824953871566073542406154287843489390830031871784460879062582692978328065809 }
15.32200510020342112404254544122000412354022305454511021450205002045233544410555051121550120150205413411421415
{ 2115079197507906511002284274935661931625425332796349123376228140941234587306202376915 }
5.35.122421.52303242023340235.250223232002512023021413414205502431140241435303350334051504004554424331052411015551
{ 37169096657684063787766009635133570014418695653402228161977774111957444292058748893659 }
135.324001355535124525543132311121024111551510544524350023544040422240502121252505131242145552152341541323212425
{ 65372125063706299822597209439490798383395505149995188350287711334378852798577464619745 }
5.251.42114043151435.20452523421435314025.1522010230305334410150125.12243315110141405525312244222455103050122441514025
{ 7793602812155003741429539649533307227365660154637166421536063070587992092850071616879777 }
1151.43011.532311042543203443305203513241430411244451105553231233205030031153445433340434352145002043011225125331125
{ 11209209157978554854954758841730559307859883942607684864359196265275918694286903774145693 }
523015.1505255301030425533001.44101440435423423520032023404021412135525051423210024341224100140101332251102503144251
{ 46231714798010646735608969956361806764170592899055118790220770501610454525949901307204135 }
5.524221212025131.110523221415515444252124124552452125521033430230141553320023203154440414501141544041535040231232125
{ 302533844846285053328268174949095987069988885784156563493409662900017935245648864360191637 }
12301214103412445.322200550410514205.1120533031312152152213031053404513523123532120130203113241444105542102324344013525
{ 2612998385147491840109864418832043371462368802436567705616749487069238344888873161312576093 }
11.1245.10440151542422445.422143345423035451004001522154050330000132501513300330150235215550323003032104032224424515320055
{ 80116015670169613941911481938223541616356715342426511117100703226550524754044499188722409251 }
443325.1040245.12105320050413432030005005011443353555222304025350131123522141530041403251325455115143223523515534503150535
{ 1897412911533629693359134115369598717935086518166345557982678505310453759953076511525293927483 }
35.445.45005.2400015.410233333315.342205140333135052500412450245.135555523321033131150510455244053245545040101302533055010223125
{ 56860673985521368992954872155575398272529204417822415575929028795667165341967990704470178607389 }
421.10552125.333123031.115251204341343504404155.1105111504555001133222441.45541131525435140124211141123025115254125353534531333025
{ 13517251894032069841885545604398893129623430816039913349448313779669132664002115917815339873445033 }
25.135.215.255.411.215102031114145.1201555534245415335505231.2104530525050325334131455.101242430530301204110505303540304541540550521040045
{ 69306910831079513260030609068361820264615786250703502071341816114277898850727132604987650318769989277 }
131201.2040101.145034011.25353332530440240405011520343330100553231233435534543440344200401005455204242203125220340405253113303521214355
{ 1332131986554706677036693244558610965852906295864829587833385827006034886244786162330259216606159820287 }
45.51.15054153514333324134440531.4322313535112434342335104503110113253501410405.132203421450045303215035041454424532140411540414350034315
{ 25884809421758486462070816326517035121258792261742805014243586330434871933159525150886579723221076192647 }
15.21.35.201.11101.4240022115121311202225325.150300425242221510151230110451.33143033225311511304231110013141512033330351055401004145125525540201
{ 12779900143979614895530980994922389265127162681946524572215872228194747453475967760999086096889980873865641 }
1015.1055.1002501.2413402305121.1022153141035205250411.51504152235312134145101.4045201503401113332423440215.5114315311550443205251222521041353052445
{ 9185816892762261583803076285258934361247105473978393269801540198748382886627932586122512435303765380887536365 }
5.11.13210551.12343513135.14522344125.10032314045521422442334011001.1221412225040221015210005301544020321011.10421350030355253512200045333342444302413221
{ 353243506495876062132503045466083564443354954843861031755443368791949745180288160779546861452701885605817940162797 }
45.3231.13345.2355311335112015443503110011000555.1014452351135253134223522424211233230343132435521231.2304235511301454551255051554202151451032352144315155
{ 72292182691763795082094582879935031370706836143674784153664654618549647200980320143028425562715594285250959889267887 }
3042521.15201441.500124135033134202325343335214445100010510522455012425505340450343050543451455312524402311030351310025420442150405443210520500213253155
{ 274991171962942986236399880773113916347906905729228770383732669400934024286398045901873028899101980922803478775872287 }
1041.2351.1510241.43320110025.143522004004211025.103032533023340532202043355.111340521223143053414440545.152410552012231010111042115351513214013545505424225433015
{ 764979005308895630532151818437480441497908205227568289837804072335972484542052704143307498556842583859016569158140671875 }
5.5.5.5.5.5.12004011314044352301.4414205455444500242205.310230313013345535130030552101030233220223152341111414423023300053141150440304534315552310300350002014340151
{ 24637000068761470017542312950580443789131654275628008005162633892651331412436469526891121678840447585485490677876002109987 }
15.351.411.123501.500202544224115554234253224313524534334024401550215.1001455312421333422335012105242542533433305333340354240531054410523402250444045135233101225031
{ 1721676060800893339853401514733681836258087240957604149351310240505899288946073521991572655926821091699281699151594257367147 }
154551.552355210210404320122230034323051511334114303104055041102240313132543155001045142033232520411511003502032301425413201001510110341310523041143012152454441
{ 1748798136243743891692781426834196766937413261205193660069424865093579829768137964164039353192751352815999455895208422121433 }
35.455.35325231.511413513503400330105.345104430244051014434341200312513113024523154321.141445303011033443202302125554443303405425031003235055024312255555103322204315
{ 21137481645047388519358919567830394024844999262882712388580842539207160043719943423777744203165744954754411412062758123287831 }
31211342020051114512102304053254325025531.112143454554314203100035322305133452320305053332030115225020410230401441232552553404234424405424230412350225150333433545
{ 103073578904853883259070444215892178472713993720462773098438845008847260822992565840548774445166018800723471006045182416453193 }
21.3141.51312121.4434550312205535.201302245512444303131404212000111.1334530550552542533245300013113401035.1105212252252012553220505520514502204022505411155130032312532555
{ 15572901606240345450822800558937412445638060180633648498996641241910280054446505408328896177105004482785271416813672448816223895 }
5.15.25.1140504551.24234021313555420155215542133122534335001.53452010350132401103321502252015223544311.540553010235022323503122040010032531442443420222004255541020303132001
{ 1320605341199737842479069407743523079246127618016504981556720633927730794250154336955318546187765094388313810407967883404621434113 }
3555.24353345100331101102315214305.21202000005115544153110302411214354303502242520042551032510452111.1143253245033304242443035020155132115024041140404315253344230412010301
{ 35731284081043214361709965586086379808896371830310415127034160866520826040615956936595630449566991700538078187384867608735966156669 }
15.345.13453224353240451145.155110232424041451141.10212143240035504441031425513013125420354234221414530234125321205115303322414020001332125050325013123301434211012322205501335
{ 3744097911411990867992027042418134788251492824110056215249704605693039362770917342953952028897798611269493705897775812639044580591227 }
215.1555.15331.14541151.4034055255530004223154225253155333250550424542155245.101440030502413351315000544533511023353045335545103220134215250250530121315230101224000534532202012211
{ 965338979262473133473477144837771849695645365554407498517107907759043194832141508858980589076512120772655842443134480038756354874803599 }
11.21.31.51.15021.1510332011.5210213224405.5343515052130221542425.20010134420110315445511012043525255551544445.2032033255120051102322500242100450445022022113554531232341133413335123524535
{ 664457237814526418982337885096343566396248758639921267666972779952885364201766728627101548106241006187547185309172855397087782972306970347 }
21.405.100034031.41503154453010421.10504255114031144215032414020311225115020422142332422044202151530300533401442033235555442400452252433155135002354101331342223110545432540102510153221
{ 44396086494777692595467488276683329099310972790949802985248915075878361779887322104629782734767149712132592097694447526032744523739013761293 }
1321.513132443321.12444151342324255133453345.123502131135222405430352201.413203104021453534335144210235.244100225213122042131321025251545.222233021152104040224224354540551032431255523122055
{ 6574026373730596189556927726833568975279165147542690053923625020993424055748693732946924886134823002703413440747776585539258840432869131808531 }
125.140405.113345545.14323132452502114435421410223105541201.1405413542252204452522031051021245513205102230350112254323521002113525504014202135233330225452015314353455251131253542514223420031
{ 1343541206990457250453764816548188381582059008373780430066694416456133896024056857278509108427514757367322616712800143108227167350566216576780147 }
35.10415.151425101300141.1033254443234415511502135550231254235413310345134532142210151251305134552225524523023255044054355123214003524435220313002030554101310230310014045541303141113554015551
{ 126290415733885315891532136307985368876374744900509868074163151867815730231308493755480628397449672161616744175863069877275563052071001953888207259 }
551254354345500101051.3131322300312353031313441211.11134203053410354353234151010004504450500313105135040050200340055013450225142453144234100202025151440515154222511530004332550222530210210351
{ 1151940924720556200974395915667566094527128545390647529823905300526590694655439967194147881163371452038372653675141647683897819917461947604258082267 }
31.51151.204442531545052035024200334424243354414241152454234252411043513210413254334244055222550120552053203215320125052545400100325151115205255335202025255404545100524404232051211341104155431
{ 3896081020225608929825307414377724958188122954350875168022291098948032580941619486930914381900006193762110816778481889465547387696773993635747267723 }
51.3141413544025300023123453500212051455.11004523344134202301215553125145524405110135340500033134111512320043032420244340234211041130430433021204233210013551321051304520345302033412054543234515
{ 37115293099847272662425046715006099048722318523234156793878888938361440658069564801893914876935779875543257758871150768449611618238848086242757507535 }
5.2151000401404410401.5440104242533101405.423250145431432244515.4310415312233503541111414241442535450544404114010225324052255.50303322240315401012504202413205134331121515135531541531445551300255535
{ 228074753618984303082383044794853746305737570541086714067530709547670788583422438519742693049879777708264553494635947485636249560837041785048189354003 }
331.2023221345.50203525425242341.3120050251451314303111355132515.1343301144253334523225150225420013425003350311451201302244534240052340003021345001410543004135440102401151111254152110254113500342035
{ 5393509506545601242282671205509968337730326164025351203760376974359694766010983408496705543614224183824431425810990754365768865500691406406674154259495 }
5.215341.334155020331144115334441020550342352032330425445.30101253152330133122335102000113004521032325011151335012533235150031302224404044303530413210222532312125015324330040435332005341404004303215
{ 49283262887408832955214733249319533328693022757579531822954093442626278931765704063616612553283122450899567483370964150970605761058525069863782062784251 }
#[1000@1m][2180@3m][4590@11m]
