[ 2 ]
prime 0
[ 3 ]
prime 0
[ 4 ]
2.2
{ 16 }
2.2.2.2
{ 800 }
2.2.2.2.2.5.5
{ 274538 }
2.14.51245
{ 1844442 }
2.3.3.61.6643
{ 14458804 }
2.2.1226.31601
{ 653413580 }
2.2.5.214.2355565
{ 33139670051 }
166.10112.1116031
{ 1344630089671 }
14.11555125125002
{ 7582692900400 }
2.2.2.2.5.5.335.2500245656
{ 3801973746165244 }
2.2.16.21254242610355142
{ 185479634527537926 }
2.3.25.4655612.125603242354
{ 9719962234562933616 }
2.2.2.2.3.344132.14631332.25651066
{ 21908770138305936259282 }
2.22412.1334204.35314405.41502632
{ 1075789225535287343703576 }
2.2.2.3.13014101.32215141503320443103
{ 368543395659524076221303587 }
prime 15
[ 5 ]
prime 0
[ 6 ]
2.3
{ 17 }
prime 1
[ 7 ]
prime 0
[ 8 ]
2.2.2
{ 114 }
2.3.25
{ 852 }
2.2.3.131
{ 39516 }
2.2.3.52.155
{ 1945585 }
5.3210311
{ 4506832 }
2.2.2.2.14.41.2401
{ 4613205451 }
221.21556.30626
{ 32010989471 }
155.553.13542226
{ 177614789743 }
10415.1454436224
{ 737046002368 }
2.2.2.2.2.2.16.41.520435163
{ 3799626338170505 }
5.304.21503.32060602316
{ 62023313099176372 }
2.2.61.43024.51641.31465613
{ 1347730083370251682 }
2.131163026.5543311012552
{ 8632089568943490386 }
2.14.1543.62054.3012063210346
{ 427179948382161108056 }
2.2.2.16.41.146.30244.524536.30601252
{ 1072777650392432047588436 }
2.2.3115125053045.1166303256114055
{ 52980523190536701003228262 }
2.12143.414152606.132154015532235665
{ 2417006105931861568573677065 }
5.10651.24425.3103520612.21504342225115
{ 279379566907689539507733970115 }
5.16.25.313.53044661662.401264320410115153
{ 13983666812195092487830721343946 }
2.23.4216.11424542.3421314364.252166005316523
{ 2146109755613009009838767652447691 }
14.14.16.436.2536064111.3516653462.34610126520016
{ 500502421255315109290084534810860179 }
4236651541.240000316213331642344431314152256
{ 1362464081465802603517274931127790106 }
2.3.16.421.461.3004.4513.16034641065232.145161636536402
{ 1848854802441673009304955067390902497582 }
2.2244106361224525.3426203553236166263613506425243
{ 12269022871760089716333213190906834295152 }
2.2.2.2.56033.223135621.343105520205045365234236053266444
{ 4199065528648781176987300055062770981877495 }
5.1031134.10236015416.2626565201401025030434211402556604
{ 454028599441641108412102292807212892667867168 }
2.2.2.2.2.3.443.31206061.11505201550462112656050302136433003101154
{ 3456048213894956008860284465823360778621965841910 }
2.5.61.151522664111.4146240210412.20124420122506.60246250513402054
{ 206139241274872483410940741842267984563642611574782 }
2.212.245.6131.3040052155.66126154041035012.430161240110154025316201
{ 8225646428646454768676222177457930656884090971794572 }
2.2.203.16610130041222.663516131313446360450340456425600441441065015
{ 405639723632487521649646240678379377866042896059364517 }
3.256.12432423502532424446522.125061620510261361436223662163511240035
{ 29080004617286548560862372960591018771968645959677083668 }
2.2.3046003241.16314343565143323433344334221561632665113623363131312663
{ 982753801620252662925919569842021153579799589027818927946 }
2.16.242343512234.104162650300324.2624040424303315.3506626432332104040202603
{ 326176942143899517535123331333191844687444325147276200559047 }
534263.26116115516431130452456044020214521126510541136511656031421542251
{ 791958628186591452241528104120553809651035656068765752856270 }
2.3.5.23.25.21501050563621.41561404534054565215212444220421050250040606203161354
{ 124917718324378918861033481308237284954269272450154032526472678 }
2.3.32.625.144550646224661440623216232.406563431126520136246014050065026033231064
{ 6025536617154333665803318066590271706463390745666819338356569591 }
32.52.166.166.203.445.12104204653316250163.6665250102320456056663640306626061164464265
{ 2808094964792106945663091385942767079134627042035719403522377933800 }
2.2.2.5.5.31460333552.12012104600633.110012155323233616433.113445502251230225645534214555656
{ 32582217730735286973603539696937702624185976877047981121559099179456292 }
2.2.12131425.4245420120661.465623466262450323425244422054664421366002053523565454546316161
{ 1575530522931945559131047180248553115025365013297732059034286658146450297 }
4520323.4434462261616.540323545016202623.630050365640212314242313444266602662652502001343
{ 3240567363722251629208162470999112475487636443445434863149117865390925930 }
2.5.14.6034.23044615402613312250351245521123422306055532320604030115422155214546205155266264
{ 91766912417125845944452878471650384477459146624087054042936166312195981186 }
2.24061.35003204561535255310051240303564121210322423424625304221425030335441663511512131452
{ 553814495504390037165812072513474042145384597143654301172029474269571341962 }
2.103415522.24421243306455103162365663620132206.2622264663530504065654151035532342213053211203
{ 24657205929750594808627357330457855330306527248380296919293742594086765926195 }
3.5.234604.250201513.526625566.42425001164210425.20530436546141361443030465025421232145214612534441
{ 2112933247580782501153217597146066196888577634941616285572682215353090193341779 }
235214224.1325055634402104012564246643150035122664644436063005443250552534624342242533350440252
{ 9964565196794386080802469268059251604513472143050867708936838390431905945453254 }
2.304.3443513.44223521.235065560546.240026521313.116466540414111415531252216245100314454360133126511556
{ 3289384825122005737311283650284183936087293251013906958252845256965477692353541180 }
2.2.3.5.313.463.11012.312101201.12023401406.24041326353403445250460151.33613664341021410064135544354004261561134
{ 53498226670224872822574329681313029364554081184548742189226245929699434943471066788041 }
3.16.25.40635641505011303.44520162363101243132.25252223024231506435353445155610056512441226300236235256463654
{ 3631665846640642691935332699000016993363931375388840734840458477676064326902440837958976 }
2.2.2.2.2.2.131.3630632.26511431.256145464.5163554341.14561134042.200444416533352055052210411526611154602261052302202325452
{ 2131865521601812358730194261766577548121584735087618361791955241655404034296287068102376786729 }
106526661610064125106602502165131524043.2023052145124021011534130431005314143265625500140300255010262162631054523
{ 7279969741617835113027240330703759570254885813363907081602383767980204031639182864327548564864 }
2.2.2.2.2.2.2.16.304.5602.15221.11303053205.4433255243314.110030454122102443.252322561644353526661121342065202326423341616454662002244
{ 86028718508909213843321842085559890760605057364544100988464422941711086326743091964059162025373664872 }
2.2.2.3.166.3031.64513.23232552164.30265506210233261.52133042414506552043500263213430255333124266004255324350244562120530651441225143
{ 206800371148795966098785415706180670896645411640029556202345016212889277550561986267774771911937107288691 }
330151.441341.1454246461406025343041346223101666656536636024354545.4203300063266520650612545042464265622546665413034520515344022
{ 2127723833591187537668920794603614339961958130679181516902419383569021781518594878904044428576754695111868 }
2.2.613532355565.615444533312.33060023633615.31613662011562164052105162435112346466.4461420311611112004616546515236453231624340613613
{ 73256832576030858139480682065176310366441599908488755685004709514407777934522520781385622539330863139038039 }
3.14.14.50333041.1035016406443.253125554463641615521000661.102362343362353113301240111213150232644234642520022353513332326532361663024606
{ 235430869045715699001875232101900059763406974442799052293274960599263222318934797607512216063613647205627605439 }
prime 55
[ 9 ]
3.3
{ 24 }
2.2.2.3
{ 801 }
3.3.155
{ 8321 }
104.313
{ 18336 }
2.2.2.2.2.3.362
{ 13451622 }
2.3.2401.10255
{ 700854439 }
prime 6
[ 10 ]
2.5
{ 19 }
prime 1
[ 11 ]
prime 0
[ 12 ]
2.2.3
{ 115 }
5.32
{ 268 }
2.2.124
{ 5555 }
5.14.203
{ 87909 }
3.151301
{ 382250 }
2.5.5.5.14.256
{ 16323509 }
prime 6
[ 13 ]
prime 0
[ 14 ]
2.10
{ 105 }
3.5.10
{ 1281 }
3.10.115
{ 52883 }
prime 3
[ 15 ]
3.5
{ 26 }
2.16
{ 111 }
3.52
{ 184 }
2.2.2.32
{ 5609 }
131.142
{ 24432 }
2.2.2.2.3.1325
{ 13453312 }
2.2.2.2.2.2.2.2.2.2.2.25103
{ 11077643524167 }
3.3.14.14.25.16160460104
{ 5636459396009572 }
2.2.16.6641.145135.16502234
{ 1299460649245848604 }
2.2.616430023.435301432255
{ 9437687265016580064 }
2.2.2.2.2.3.14.214.23161530303402464
{ 153332355215927036521698 }
2.3.6151.34334.560110255053210146
{ 1175775630826947927534106 }
2.32.52.616.4012565350461661233361
{ 8002017950205125049251434 }
2.2552315.30364343110165540236115
{ 54170125223647430321934566 }
2.14.21655.2226410613163452454663061
{ 2464136256055482247814952301 }
25.13342.225565.1410140143531532123311
{ 148548210159344050372778332306 }
2.15511361560412.516450140630201622562
{ 856124302708949647297642401686 }
2.106240530630204606560053650100644631
{ 5731523843073781767206867964045 }
3.3.3.5.15131204236636.310203416103252512563
{ 455434447047914355550771314102796 }
2.2.25.1226.34633.31146514013016160234502415011
{ 104362630144856883742466599491009364 }
2.2.23.31061.103222126.333310014244114460500436614
{ 35718804291391874043603834094913090116 }
2.2.3026.123201413.522454416466.120321316346332444645
{ 12312093772362189951005614583006183694616 }
2.2.2.20245102106216411132216651435211026031454464665
{ 599279579831763888072481995773138238893729 }
155.1561.141562.3554435.10005542.5352165120466110000405466
{ 160536210473470345813700756188537760371225350 }
2.3.3.5.5.14.116654.2465152404230652031.1530233033452102166516465
{ 530355082004786629217169997556024981543000948542 }
2.14.52.113.40605406.111424064.116011643105044645623044414062016413
{ 1137954946061600639717907618455369972220564910858526 }
2.43.2101364340302450635052.5525231200154251632261006050535145352
{ 9384381127324791828249106136077559383004855539162135 }
5.11152544.16116243245343530611.14435202313153652534152011416213365
{ 900606726530121441253766147756493138283176797284359240 }
2.2.2.3.5.11225.5345400136.214632132310105326044422461451001300033231142406
{ 977929078528761598569211642968135665062749442576326840237 }
3.5663165263.15262440245325033140223103064.34104661516531340465204511556
{ 11291665709956808966260828009719060665223307150189282999726 }
2.32.251344.2420524121.4001564322160261526165462563401541310204013061130603
{ 355514637123091520274775323137306960159723367157299240418140 }
2.2.3.5.60332311604246453.2222102532233200453601251206161035654601151254045002
{ 16623196540878459164733774580139701236000073181341523647842096 }
2.2.2.2.3.203633.242311.10142663.2343200031001552.11220466603406660331001260532435220233
{ 1930628071700236575664103005415242304585807898110377399784534356596 }
2.2.3.113.1062540664545152212443456363362565125630351525243525542436043330535451566513
{ 666950940515787435153596895625467399842964357262853144572132304095741 }
23.2551.11546.2405001446520504122024015.511103413540120020213366434233103425333050501014
{ 34566786213675353751022374854801885492881270159078003020360535846613991 }
3.14.21032604536236.131301446531161531.1114310035245422500261360602006314134006606025365342
{ 15407670029944814896109662673176362988465879123903924617781705467263419895 }
5.41.544.411434461225.24065326143614504103353.60563626010212121431065323565644421640561264225
{ 187225439236666707491500808826031119756944250044746052057747984014398900990 }
2.3.5.5246.2454064355444543236.135134234024410206154255.26135345331352326440146313356002501545024
{ 29156519956363360644899823254784841324548203485142977353545648508737648591380 }
2.2.5.14.65.103624030022446305633055.355550442120135416033320620122041106514120312614550446656236065
{ 9397508922853522983964631058476646711913019878521306946838578454114929473563677 }
14.3224365.31224253462630030443356450616254266102344050135464151600222630251000142205651003320612
{ 45076550310308390375646844346471412896524681610158949055780187352391533907212981 }
prime 40
[ 16 ]
2.2.2.2
{ 800 }
2.2.2.2.2.5.5
{ 274538 }
2.14.51245
{ 1844442 }
2.3.3.61.6643
{ 14458804 }
2.2.1226.31601
{ 653413580 }
2.2.5.214.2355565
{ 33139670051 }
166.10112.1116031
{ 1344630089671 }
14.11555125125002
{ 7582692900400 }
2.2.2.2.5.5.335.2500245656
{ 3801973746165244 }
2.2.16.21254242610355142
{ 185479634527537926 }
2.3.25.4655612.125603242354
{ 9719962234562933616 }
2.2.2.2.3.344132.14631332.25651066
{ 21908770138305936259282 }
2.22412.1334204.35314405.41502632
{ 1075789225535287343703576 }
2.2.2.3.13014101.32215141503320443103
{ 368543395659524076221303587 }
prime 14
[ 17 ]
prime 0
[ 18 ]
2.3.3
{ 122 }
2.115
{ 747 }
3.3.146
{ 8315 }
5.4564
{ 13668 }
2.2.3.23.124
{ 1938703 }
16.25.65.326
{ 11041680 }
2.2.2.2.3.5.16.13214
{ 32304519748 }
2.2.155.15016.121034
{ 11028037040409 }
3.2252.22634.6360646
{ 111067271586074 }
2.43.115.212.12206.505522
{ 30050919861258963 }
3.124.43330346263602316
{ 255112550393965235 }
5.2045.20642630122252565
{ 2960061623130494181 }
3.16.5611.10632436644536053
{ 89836591629693551226 }
2.3.61.221.1615026261114534614
{ 3426294395164587403552 }
2.2.2.2.2.254.34154.25000632104404604
{ 7513204068209546381944399 }
16.221.10624.15415352063.160551463042
{ 2103132703536219316357828063 }
61.436.135152662.21133015663203664126
{ 48209135417767080663083438512 }
2.2.2.2.522311065.425521160452.545541662131
{ 6190687938122821704948381695069 }
23.61.3606611.165623420335303426636612445
{ 47436428136191662386892962155482 }
2.326.24241133550434504102603144530641241
{ 323274369736552752375318892301102 }
2.405436625.5250146331535.25145541211013231
{ 2353816344040867194303157796188933 }
26643011642446.60242412054410114062426156
{ 2721822184766899008486052698534518 }
2.65.13630246243051263451031212660225145402
{ 18869503214989932587293004240089302 }
2.3.3.14.166.254616105365212.631051141442500236353
{ 5447515384259089522527070304986605548 }
2.2.1335533.62110252.31334203313056200566606463631
{ 247877491823199606672930426674288745317 }
16.3224134.436662134634321412.40014006214524001256
{ 1442129405706613581261827688589998674162 }
2.23.23.221.26326.4055245.1062122654.153303233612332630165
{ 4233868850768073539604000483446206229382115 }
5.43.460035031126235.1033523661310554613065225265523011
{ 71089237819112971993056743505733096922451990 }
2.3.5.335.322411.532244122633501220612104330210100234322215
{ 1567434845731660000476870395352370054064060859 }
3.65.454516.1166442052522214511005604502633531155246514342
{ 17156779128067126931383514279433448129021398154 }
2.14.16.61.14444.1140510340443534205.2441112136602023105532263312
{ 23122995739200794536874515407795735953334602689406 }
2.351004536613.332120253414131.41325352051461252130401360632555
{ 183872594667414190591071867901924600876975054074181 }
3406.34321556455100434.1233513612153312053313150224346551635264
{ 1824020488057329503632792883868249768420290629917669 }
3.245.46046224421.216360620660003124214.165626225046605550453531611
{ 84236985915799245880830069694634572288873900532672989 }
166.1465221336320205460606134120453034610365121566566023016012556
{ 345815265977418690269032075584150206479657000101094916 }
2.2.2653012.111223452010261615410622134412454321516320141262513255036
{ 20033347634014824719952976055513772341646008508993954760 }
2.2.2.5.32.626416353666164521.64505452153012212220626640120055401060043132
{ 980063044954359832702467930253044259560010200457993353406 }
2.36305.2166541.31346402.12320530440335125.132036600061634441632563436106321
{ 367381228823910673528681658936273584791654338397382269734029 }
322.112324600546501306543643356334443.434111030030326526651510422333251136
{ 3345079326634156433547495087513736940328377867378523382927005 }
3.3.5.1105.32332.6325454.112236525265340066445421.56303044456515531435245504325346
{ 1217644107338667560141428245347358227208693005384960017231174820 }
2.2.5.43144050510224663550106606.164034353125464406605134024440420635463441311406
{ 40532245901820620134005350528741255010590644330451871022439863823 }
4102.2406403055.1364216413415100361545214311504310533504564564602426610024536122
{ 490425220347597571801580814924227631361992464725875027671104321825 }
5.5.142.1202.1442.265621160044426034534510403523.53514451124445005024565213064311642346
{ 232972395761130944769455354839274815680900830272281451425446251079261 }
652.1013.553362420333665001330342440220552540421332346316045255105445343122014646361
{ 1917637291199694421297468233100182702819565874367498904382461967373739 }
2503126.13652334220430314345526433314545.140415334540531400411122453043502064042431304
{ 37869006333074975933277896954523872581895637502504748971572793096901901 }
3.3.3.1042.2644506435040064.344465615366164256.2636543051341446556351545320353032116361263414
{ 16658131680391316555604417275433952694358570579233981729732297967783680773 }
14.115.5665560245633311156252465.20406246023334245516462013554604456036556100252331244605302
{ 373236833712065143990324395699684237485451549996662049584134083571152801228 }
2.2.3.663323465563421554.63404521416100643544344443015.10040333206243116253046511366610425460451
{ 27104855072852149303827046605733236734855261200162297763494100434731287463764 }
2.2.1042.5224.1224116413023601.6046153343046212421042166115.4165456510240610323521412000421355665416
{ 9064516498775417145396603001679100917425407138655564935657192623781983862606613 }
315464.4646116054422540356422300350344033235032000113213102446306246463024665004443113541612215
{ 12801098375098992883909409569190518382167039645679195324884341730550039132834026 }
2.124.23523263602116552242640434.320036666060110100653221641043533615535536261141635506301532434123
{ 422691690347585511741592270115633221634278578123738477782803100468776838216399241 }
3.41.6104.432155330664536663553121104441412.212564335662345104313246200666552331345114650124415033111
{ 4862876297755852992910871968814092052389663903212645218067508499001789709447486023 }
3.3.3.1604.3254364563.12301053053625410051440156.523244413123563532041212462623065254536220144022646330553
{ 1615042719079840489553033231212925153199176245020562827581959120013260548721712652463 }
16.205.1056110023261445.541124550130546231155631641012034523451645216103431550001430646336655322104066201
{ 43020989381189180533419803439654491573729487626988752106949076392897695208125374840658 }
2.3.3.43021164306640266221042.13260660120213143122640626520334025252.5326555251335016220210133655523355450404
{ 2776587631411529534015056895444303310275501032547415889049643611047752817204752034044213 }
3.4135.110441.3211312.45013551036420655154204.3311656063401322123450151151121.10415643062365103431621155005462534
{ 1370959048159483930090329838027943616867145208810959118895926020454896610783691494488995027 }
3.16.16.344.44456525110511204400041524162660242543334046224416256443656053350446061164111254030052253030002350405
{ 60990293921783750426891342594072905274196470124347665302735790082337167820095186986954546565 }
5.1516.300160120643130014.100140640300454234233.26560010464206223316636432.201511356341450535132535264636346530313122
{ 33580130197182738266823192268057301190257878012126514133107493267497871373069767065874277493508 }
2.2.3.3.115.31333.632331550445.2314636056200351213365253604466420512211213642.5324500033662636361655002152303054310462650263
{ 36181631025870923004226274273247470782796682629353143200803081014617354281157132142187941763181807 }
16.335.401.3143.151363503252611345416320542.63603446452501435620251535503654.55415241556336056562551543651200423415421334104
{ 1451780790071486638689777622440406555485635577590148571720047707403734255810106466094908607044972323 }
3.1433.251253051034351655454634323011115251105641416365555112311655503636406000060213260556655303435221630303545065304542
{ 17037107326027016848587601832959021303144842196500257352723430562068448045905028978818545921144029841 }
3.11225.22306.5565040145562616641060313415102145014.3140130050651004113006340040013430152120440263035423135566540463212566433
{ 818196949441814719695133211605659156969373132969076549004086058780603739370273109140818195649937088545 }
3.3.5.116204446354012405441465546031.250020022502160043653246501350532121402364605101054354536361231163145604140432213343043531
{ 44695790884511587335304130089994353727362144389984440004146076817643014338073358303492773879063463636963 }
14.65.24364.223453.3464115463.3333006121332042130334203324124002001016233.1262326604012501236052331032324316464462630056364324121232
{ 7415478488442104854000246545464279087261996282568705208453013622378817720052495290334779741516889296014115 }
5.23.54662536.13052122043113346652130301114450641636451642651626.556561010151361534615343024023462130604014601066166611456041333602
{ 162857921943390662896225281464605827149898081667825614422100993120328686574538517234222787296579474279532135 }
5.65.2441.35014.2202263.11452246.1621611543340226.105412035515464623066002.6304045330163535022042520245520506413000212405204662555615025026
{ 435007013009420914653989207444882170021821923825287505421577788551257719708985304406489957510292078143310169817 }
3.56.124632461.1500105344141514142234360431115201145300126245653321334421352464552025516210064000155344243051021110203626504334300405335
{ 13720195129202438330859829312126479617004442213208185438833597127756164768366915738863845394288443625900295000126 }
2.3.4313542404055130342124152105156203.100141343616302440154635210332463131325141345461531052220614105140445554204256605235042650031210063
{ 441029657474476124440844437523336842274373257520594809816529933472274717313643761066205979970411546833446726849555 }
5.1202.12046.3121055.350151111023433636236264024.1145412063450233054302064536360264404105023251316201216203121122352110231251045634460340456001
{ 311275816616342798351135750019758684623895190304073297263334383824401188124906542041588298872821383364704566170607238 }
2.12160012105301643220330461533242153066254005611.16465206123662551044426145136653304545251611520350050103231131323506206122354013346262142064
{ 6440077202929604653459786895770215756485607367956942415476778038640045937656167726431948191227276754104928234810950506 }
2.52.61.52400125244232530651406446042254.3413564325161023116153354140045260364433125230405.4120341434065542243256442630445650626434455332133662666
{ 57111983814197247149384653888647675863058915924127217805832198909843432328675388219063514225517129919690601385071522573 }
25.523265.12230332422245310150133564534605006061224662105554463451406323460252060361560661533356153025021404065350526312510665125633320362222355
{ 407027950737009728449461649182613009787950906794277485989041225240250262052407969568868749537721900082884901509934270155 }
5.16.43.306435153052.105244030003201.664303120260202.12640022351513061413315.454214632234666463023165051521111410202141602455632621644261563326024362615
{ 260987908842032972648941029389387813834303730502269998776662297989967104640592201989616820463784077110207944475170719004466 }
2.44026365254.204356052654402232164510320414063.163304611225453222304453616362414051601216655340601334336440115123151662141644664300454411021203142644
{ 6430746394015666807827204223393430671552701188946537547457374842276666123766033748517565880171004975837550196627482814711467 }
1304353.22610521.2404534111.344356203536415626444062045.3643260612122556220610351415406420263242112061065206610220645603135615054624102150243016550545044
{ 171166017176824852576718489016469712147015839622474045733432429849818237218729450974830925736084705520174809820756755283135669 }
14.10064.152045.101145516256320421.3332543223623210333363444416222510633345016103320600300225300045100515005123445611320034632201215220516552443523452604526
{ 64835043546600728455783587341780905986955205864446636388441918752995765729937543491697398899030217748764979613541327044926492391 }
14.25.25.43.1235000122316414.15036200462022450016.3406520265623206140116.115601312066134166621500404444435411020254621205255616265442311641011403632516262522653002
{ 159165183054616785495431832464449699825647717815978846331963264179154220799090715247205981877562057301328232465626054269531458912130 }
2.5.1102256.404636355131134451356451.46015120153443102232263121062656426031260453103240145.230225254066413221515035264164206253161424026125435361332130543013311505
{ 13115548958711399576166857737111725870029324501038209781081659027892602505590795970521382408860271481621080902319528965580693152190199 }
52.3013.104134.220013510563650203166426233.3242240426302651012316063304256254111043054551506620433105525243623321652640103046223213062364636321402151526136250610656
{ 1255285890858723638863085354748824971740150302991213315767244513671076064401335733725240177129610805220048584357247251166050355231300289 }
3.41.506.524323.3131503645.36460014223464122504653642604.264515513356662402263205353340226101414536145533442442466522203660303366550314434536411434442163111310254035453
{ 41486663933204291690751310397512639634540169700176109875135425712596822772704217482176667265017450799684351867838334061564630298817740849 }
14.24254.2641046235002.5401132053065.1123650524161211431.5043652021111301051226423655535.6011325550564136203414644404551124331403.332533431215404005060221543341232611233014
{ 6411385741918011766508954337321174957988621092245348020047601100577608743448588738474612058387244137031562236547334121249371230202026735786 }
2.113.2030266.4450551614125.65653446356002213.2344600525233203214021600043.124661264014304331014233112331012552264444453025241534506336333131126353226335216265546605340351146
{ 2940400984514127913436841602623010162290174080486761573836369299234186258873661851365357935222527978087146521982889859703300968955151241228234 }
2.25.460351.3253165.153603332663626.51544200653020300014261553.61065423354322210613651526443211365622300412645624126064264645044224652642331222213061120312460546305151464460445
{ 159269387059049796186228843636182307735141754780431377934511353447635162311214618746871444784367754444038805357878160355880035980075856591022944 }
2.2.2.2.2.3.140445254.234103443114533.326334010026616.2401613066206013460466.1466103601623144554324103015504355356465436104625540040663260130145225642230022146013606600513051416156255333
{ 18203029722883696264885149443177181639720698609219508440273561110879261266780068725169952561119675001144263874942915323676934645597219991420156971848 }
2.2.2.3.14.123615366206446451.5612023624540503106.11240352456346406665336.220026525656643124251051032305432.2140631342230056532306060454342300046566.3015505625032064501661564401334221533526606
{ 2143914665772346902325624526767469156943054009865432746417394409449074775101011127250897619274502535762149535322237647957041695596415500757532243208418164 }
2.2.12354223325212142353.251314025134120410235.114052651265102033250364644543045504615110641354361432.6143434216255245004023544202222143660056132361232330006464455516500425525211044600212106
{ 728309286369015055521308125280508318111600713525363724210524556516865186204826792115862980849746288200584415643661002241042856527362922585491884276837321158 }
2.3.1525.2115125565424315102055.462101615053561566151522106141200604216602533033160322042456612002225213410254436603416150231351521342432664036405126451555206515541035424666626503004450336402
{ 38018986761202985245529974033214699964629635042766245150199751000680733568473031823906064994065028379361440354590962392784814273610001464348114428901962272870 }
2.3.3.5.14.32.32.61.133.1645505663.11463306066502624001353.103441122322233624112233663506.2423406531514432263013406450042.135464162165011356236513444035350012235.16501554631510414524515045305220633566202464232
{ 222760012739063007923473284114667241492712054803498765638414043023865852987109467658549381086454701823966396284452790073816893805274509825750443377006605793899469744 }
2.2.2.2.23.1463542.621323605124311035166.(8101534544324235848601417793887208854961584100545061792899218034793973395039915835766470086393894453787685427688653977679820080882962193451)
#[2450@3m][4590@11m]


