[ 2 ]
prime 0
[ 3 ]
prime 0
[ 4 ]
2.2
{ 18 }
2.3.3
{ 155 }
5.37
{ 351 }
3.3.3.15
{ 14029 }
prime 4
[ 5 ]
prime 0
[ 6 ]
2.3
{ 19 }
prime 1
[ 7 ]
prime 0
[ 8 ]
2.2.2
{ 146 }
2.111
{ 1097 }
prime 2
[ 9 ]
3.3
{ 27 }
3.3.3
{ 219 }
3.111
{ 1609 }
prime 3
[ 10 ]
2.5
{ 21 }
3.7
{ 31 }
prime 2
[ 11 ]
prime 0
[ 12 ]
2.2.3
{ 147 }
3.7.7
{ 255 }
3.5.21
{ 1873 }
prime 3
[ 13 ]
prime 0
[ 14 ]
2.7
{ 23 }
prime 1
[ 15 ]
3.5
{ 29 }
prime 1
[ 16 ]
2.2.2.2
{ 1170 }
2.3.3.5.15
{ 79693 }
prime 2
[ 17 ]
prime 0
[ 18 ]
2.3.3
{ 155 }
5.37
{ 351 }
3.3.3.15
{ 14029 }
prime 3
[ 19 ]
prime 0
[ 20 ]
2.2.5
{ 149 }
prime 1
[ 21 ]
3.7
{ 31 }
prime 1
[ 22 ]
2.13
{ 139 }
prime 1
[ 23 ]
prime 0
[ 24 ]
2.2.2.3
{ 1171 }
prime 1
[ 25 ]
5.5
{ 45 }
3.3.5
{ 221 }
15.21
{ 849 }
3.433
{ 1819 }
21.153
{ 8811 }
3.3.13.131
{ 890457 }
3.1103563
{ 6588275 }
5.5.37.20465
{ 95396149 }
407.1304343
{ 551913699 }
3.10633.117563
{ 26951327603 }
211.401.2727033
{ 147642363419 }
21.3015.4005.5253
{ 1194227423915 }
5.21.150533367377
{ 23172513394431 }
3.160315436375125
{ 113277287397973 }
2042663.1435045727
{ 582108937735127 }
13.1402045167003345
{ 3149143738156773 }
3.3.7.577.272605.5151641
{ 62979676816331681 }
7.7113.43620143722345
{ 142195700645471461 }
631.4025.235343.7747263
{ 922123737631805107 }
7.235.4501405.5116226245
{ 8425285755457842341 }
7.37.414405.4070141255611
{ 69106754150780459913 }
3.3.150607527.4043067734347
{ 2007346585082248804583 }
7.4635216327.6357325225707
{ 4486778238454264572871 }
11345233.35136077.1607241173
{ 44616250988554773938811 }
3.7135.340413106305672731075
{ 147255179192716887831101 }
15423536533.2233210400165107
{ 511468070768205661006407 }
3.3.7.211.6331436044436461035761
{ 8434869880613780366572529 }
27.103.5265.117567.1307655555435137
{ 3579529382016739372017531487 }
57.123.12575.1030615.21200107450301503
{ 3736593244434892451102293328707 }
23.4076557023.46422177155323705507713
{ 12369298318044696959291707789259 }
23.11670141375.65254306051420134252335
{ 97122615248422419306577445082333 }
3.7.13.161.1560541.1576506621023735532225653
{ 80935784135954031564705426295040939 }
51.213.26320052730120516632644003454661171
{ 857189396421437047067942205586104953 }
33321.140277100201775234452320336437325451
{ 4554029947319417103171007695793531689 }
3.206011733737.42716416653310744731540604775
{ 34684945805968759603482396295203850749 }
3.27.51.105043.430041347743676576243473522327433
{ 2293106860539245026114937871419050667803 }
123.246216554302464654335567401413162655556431
{ 7088486907109945948504962114708215094553 }
417.146141.1424577245203144310566231664453213267
{ 184568876453045214645370329448692748981943 }
1305.1032507.11076717.243176206375317743423004361223
{ 30887033154587694390176869128709395358802579 }
13.1001001.34215375.51624031.1142511775.27277741165512671
{ 15878480011748080429957078192530932690301916601 }
13.661.314136005.344325377755.656145761147764421654441133
{ 135262913079793784589883338805384562477460767323 }
7.753.27235.13025063.1445602233.2166247521433741454041136263
{ 46532432885960457098189930903796065848960932428979 }
3.3.65.233615.1155625305.1031720665761453667.26004605117567151451
{ 83308130466124063895065437061769529225267651123401513 }
13.2417374733011766235435305220472011163423351121730547733033
{ 270971137492335926066255935024347529954949664000161307 }
3.23.12547.5230225.165156205455.43320310607525617.1612037062526563213
{ 323612832250666359092229054021438535711412372160003106443 }
3.53.123.1401.5227.45663.111431.1622743.4554477.4777411.2656230641322557040751
{ 11809110308583753764296805415135457367518735634140543061869033 }
1275.25360454740050464634615474063642153623674631076544512565416022235
{ 35218832623786856299574412085940797908245973292089456109036701 }
3.132334761351.30733027623636254541.6506152354635555052277503505711034347
{ 653393697637857514215057756383217300900870152467414539470911719 }
3.13.37.213.1707.32034446435045555451157233.74733520332756311611675764742627407
{ 334841458403663841660815089036787878384730165455664319608562331399 }
14424053.52126213171113.167016654200445433077.15174345625724440336150436351641
{ 10564279572241660047122645700216331460237087003781656855936530764705 }
3.5.15.573.62760503030153303226657137.6766165270605153041272273621423532473642657
{ 196906792718143908910922948549933008365073873103705240631456243336623 }
21.203.11517.6742143.21450061.3226355313213.70557725270474033276326174426127623100413
{ 59548799095677623857602140429719653951141931798424756900596131027517707 }
3.17417.17763.5424537.15300700707770571714117.12200727174667066556406126147224627575475
{ 45834173807660411505001495753897829348364328645683551884473974351732865853 }
7.13.2457.310427465.5377653101.3624057334445073.625161702635640223.1223237772657206324442043
{ 51939544657963077629956216914301846648444422552655193224242331715696793371683 }
7.123455.53504524537233.24405132514466074434606435062617.3457435646251155534005553067754025
{ 3317795457082469512381105171557291774265915877749257829291417552186649851451413 }
13.57.22454315617.11676044474145.2362757721734203145770770672624216412203342016516774201770663
{ 347973948283199658201015319249876449454809860055310601205291218029899780742181299 }
4251505.37631233045.535062530524404163564310233303505543077321312704273505325024571744656413
{ 1027138700185789784384448159507316784741881538988484988478785510236484376894594315 }
3.5.5615777525415.10472271557521625.276101476460452777642326012307336026350255630577137063536165
{ 56387041810515294324971378733324205408911745216293359432386730098733552282360527989 }
3.3.131.422013660411441.520244465430647357157611.66024413123014002734547301041675522525372607444515
{ 3299486330165263037789588758118905157497022066104398944518239936267547929059218311501 }
3.15.65.305.4351.240131.15316545.245457604650247523.271240243361444464322050057474433701166455364455371055
{ 12795763451381927102998878521145389238386358572393134781971511315861728689136070787723821 }
45.1663.251157625.1106330266157734522562655312461574636242471304635417051330653330417536640667330317747
{ 1185022821825951735378503232475536420638355319207719166685055823217756034871419774521417703 }
3.21.45.1206415253107773757225462736041220213541730002511472435465755163565724334427666257143203222056171
{ 53365400552732081807305566274612534192657968085136981941318290114340734391881673813506153593 }
13.774123.641727176027351010777524322013177410574561.27411213645505661702466556703373150462624051570734171
{ 195433349450727870116957445682072205013142703714662917890777189268591804614255974183220787321 }
3.3.3.4101.763335.7037336467620724612503265244267461162277200361145442153112242506553164270530410675323114767
{ 3577297663460935238235216804513182633363983681907243532687068876983699935031797724531368172023 }
3.37.123.1223.1457633.47706625.17756554413.220656154717.263062516051.6143747532570035127.1123672707514734070577531616547
{ 953344087879955045259825764562883685036996502757887160543141861508520953686044649118161883019812199 }
3.3.7.342550630623026623223113656544216601233210257514427356301062441005023514145164557027221310252061523227614331
{ 7636334190005171539783212459748880733553830632637709895243157819590767615770818254690153517983668441 }
3.7.5425.6373.236506273374145211740457141563655321464615.750723330207301016540113211577242336057501276415653524106637
{ 69320154534409204164982201814858579211434494180684749929878259375657973275053851156954376168096697759 }
4614313737074447235035.650664662134725374101106325353701502312704114740361135133111353261246736030471602733574753
{ 83539249683209914378664373938778207850426155708689105118541536153123732096522049193037532641136409067 }
3.3.1013.5023.74075722740636135443266357365044721.701420330536267634507223711306610635262311027203101205313100131421163
{ 3797464718180260580339474308589813177123562894550814239200696297553589125906482290015376325015404683891 }
7.606503.10053656452025.5015122014300357412340607436715466215342362664776570645637552156515573735477642237033430152113
{ 69548118141001721516241874584683859643739242603218546270628884336240836988915706451351878533193540883531 }
361.167301.171727.75637503.202062167.770417643.2314563605350163.7776530757105452701713237345036775457204536114760175403327601
{ 17289622385724759319727067353068182482280049437066029626047892813824745490933750228199217046505393268567937 }
415.5265.1256101716624515673567632037232237600175303766614335603033557227603325674744301606005172371145365245445013060121
{ 154621501645469408290376954818626469125202118562493977077791715780424077534823054769977172592689633039245393 }
3.21.222353250723.34730444047537372724406654515.50716055647145603015730730717724351501647430576152773324623655332420764321255
{ 7679956401739037604211012928765343539796287968720030511300298752351344414400597618825131711205530431032238765 }
3.5.1164555.1473032132531033561654153543253.70213306424462122334054052775613632076463345027046317676233650702577323247345055015
{ 547745785301504595560552828352558739818149107834754529611123320422025821850336787608770039214991445690991008269 }
557.615.114155125.123561662512606656206566453.41527627533321427006471674443740110344436733773651466430520775007301064020450023771
{ 55279158308588012562013884866336135086352851765894523791542539764651311502935289038304704314066359312628425172985 }
3.3.5.45751.265101.336505.54013203.10550672555613544647424623.516406352726060766616662604776667727.267152104612053410334765142151077045357
{ 136425173117674863713237789167680756381151052400963467951944673266236709189448046731934345624292004718848891699350255 }
5.37.53401241.13470075071167005421353552355647.4454516321531452050162317153231512253.241607304143336026567763665737367527745667100545721
{ 13856886807016258205483999491257491449105521501856341623537733019906365579784234158349052418993497299257592607882267601 }
3.3.20745.106621.2053311730212574772430202442051530077147011270203572353742676277531343417267441235423271071506503720460364056466213014405
{ 4400283751155572680576997802766146258241996913178798306377382236076806084380765960875291844572005886742492377037295851781 }
75.144667772761273304052117164044501.470553225167705467576343467325321335.3556040564622302747744613315775447224471635405633547253616664275
{ 79012961183275337344118887719515526900581924780099550960327519810705811568464621222407606916465812467289305822610321008829 }
3.3.3.51.342336321743157711724650167173602527457560614615254726646417335170302002511254664762606631605250424450571051344665236431774725636257
{ 2268739284272089406785435866855262439196619229555415467993508679015485911433138038101272481876290818745419943675198216551599 }
3101.3412563304241.36116635541702174430567370240201231722677507.52257470667007734072700071631512133347403320775156230446427576200610644345571
{ 16541274202995699085649033683837374951638197888359505712538840854235380478227630431761126529610763277798217798606194306304889 }
3.3.73.111.646652620427066207277537647117.5556510233541162047007012162343112605.436615631434055467415323376057667301110051716255315251330076403341
{ 1181402334620117696776642413992931608351370695861014529405545529238953693377590360313945620017756854272961222788814564952245985 }
5.7.15.73.1520515.1370455257.2547125707.50774433517314335345347267670667214475354242007045763525343225662075045723721262225253151237516776361140310241
{ 1022802755969675724345544091836799183239712659079507402310316889735251753732285038372183927859216155603522238558660864651592568993 }
3.35431242175771455.420554124637255566426405432244452463244136071005647460117546235562716101676524656031076305536357256536623347661644041041427227
{ 4799089356014758157399028007812212708776772420719438250427184920816504770766108988066885500636919218025809700134870973899958791831 }
3.21.35.147.203.6642415525.44242010347747255.6011322151362026435140325612167353407220047611675576617536670775333156406660022656244154301512077645163517335
{ 2323012276714835491676427483226272787395980552110827976972612334158475239909088411078299440239627590794951249568711202595288279588573 }
3.524261.216366755.1273023445263103635.424340720330627363602114526517612020236633477766741171164653210030756572224200015270016563417346074546542533157347
{ 166479627960621637356248023510697380769637243078486179712767317644258185609799201870585685177878861394479057291018879755722337488264935 }
3.5.15.123.16733.3106613.7566520033.37124546116377.105341275602506651667.1537336143326312372045.4537600167044316017744037407.24056531252474313403302207127722561223737
{ 43474551494855006022979429349409165449933287956359280210295273965933479021628165203016370852719213669846170578224327233366780292416160475103 }
13045511407741267077.112314031162020423657.22115011771346443527567606144016777052725475360125615566205021206062353050114062316074334330777520656270415540307357
{ 1054954626691914333283032927751036142754965325019695725347933416778622284704259553740584054356297009598182531257736574242083755945075364957935 }
3.5.57.2250655.355730443.1351677151237751.335066675475610274210704530470567012147.133076757221657242300405627131535457004751.10226015423400157003257061532246043514520357
{ 11604680875279709536927596177766535985877490275340097083132695989538392993653635066280130132896964928409865399988941140701559152259449072798310639 }
7.521.2274731.42733107.554363776541663.144054046030461715752056444070315061455204342151717605275.437004747207560244725466607500606760601305433711755216262050745253120741
{ 1530162561401409553857357279855013807376290980128570305801143114101554499914865730679707030385914332032239959951817790684632166446837726869958992353 }
1405.34175.1525016027.152764262262603.410125063043454324233532561550445055767373115331336732165710371045441300350753135444441647065154445522335730152350576702557577152275
{ 154527316656071165578388673999572886025822342391968019187362472041593643353804601181697742049644219956683622149521950570560788857301534384760848962749 }
3.3.147.3344067.173767264615101434540716102346755237660153723346113725710747752601535234026446477622352342247401620060405414434665407704473474364363453737762314550657257565
{ 22260703522506333792414274879866609386140528561242960079841473656744011238956719406966887213259260969664883555681358876228387998135337775818454651985781 }
351.1335.760757.530076750223141423566473015366320034420076160065305547215662403020331360745143161732013630041062367430135244437421637604605767052305671765117167764323731777
{ 190821644304127149852045063865101282871643526089510880185818287896032383603789193075836178582965630381928739836255224974089632200577697308284795365602303 }
3.35.3376454577357651402770755746047066611001.6103062272702654342006320520106265360225423730731330024075023126431541537766456461253257437441363451553676413402230163114537231
{ 1449700607664123683907569536032690914691533636827509368151113526033501376733693788859592517189525213549969280335297513808862537906903378901677223070318233 }
13.13.161.614327607743.505017111227553.1445460075433244502135526575.15763742136317545126273607605266304603427.61061447356116214742451437654332142714150547037000776131767455054625543
{ 2397390522669245863070659538805283715904771573197374474661907273692013553704100615214629882286862227389254834434751034521730213761007458089074635380219915107 }
27.6711.142362373.11067101353174512641.471063762533616163702171.11675305440053507743540366244462174502751.33236677022075100004001266125037717746066320402200702232520353554141633017167
{ 2620883004779265079379995189150632081868186588280626499483611329677040066036981242047207879898728564442908021323194556313880881123703166191309200878002720480887 }
141.177237.7724163726303750712557164721606172034335774540216040643051045655023547730410573206302322560046265421562301310762577351524725034351566441266201714662310750571507033216711
{ 10681477668798246883490357966770035518032871767249897151016723218613765746538472321627536462019732485161287072168915529200462373214351457606379095256475078827465 }
5.177.373.12315121356347235.173016205540733063036506164465167146655644116653410547641530614344254201456630550755106663403445073777551250722356161243202172272502467510204603526753701045
{ 2361482092989067782153402386172513625798110972191989842609099430900059340996783649204144295926616069827030546917535424569529622246391840274000699825502048725467685 }
3.3.5.27.16735110512206003.20613502377425307034773.1321123344722743037157722341026637047540734035434335063453371.361145375213502632457020022071112313224552511256721553231546740175151752041467
{ 6373716137433591264846564072792199648703107603072385013681671568784142211002936167203002658500765930240541468913724090546358829009395935437999056910857301965924746039 }
717401.662033566315506107145.(3434847790496035866944232047983136309614332461825015523564043199913478319800097376546139800583654566416289532683947725170372194082706814721643)
#[300@1m][479@3m][4590@11m]
