[ 2 ]
prime 0
[ 3 ]
prime 0
[ 4 ]
2.2
{ 20 }
2.2.5
{ 185 }
5.41
{ 442 }
2.14.18
{ 14192 }
2.2.2.2.1185
{ 10760927 }
prime 5
[ 5 ]
prime 0
[ 6 ]
2.3
{ 21 }
3.7
{ 34 }
2.18
{ 179 }
prime 3
[ 7 ]
prime 0
[ 8 ]
2.2.2
{ 182 }
2.7.14
{ 2038 }
2.1352
{ 14141 }
87.218
{ 57770 }
2.5.58.131
{ 1396873 }
18.151.788
{ 9127727 }
7.2406625
{ 34784744 }
2.2.2.21.377824
{ 7844829448 }
2.2.2.1411.1655365
{ 5716438067372 }
2.2.155.31137573227
{ 461657677140952 }
2.2.2.74.3040146875245
{ 37643352353360618 }
2.67.155.278.28074505057
{ 3722015700732971878 }
2.1035.50587.55502.3667085
{ 231538715509598775032 }
2.2.2.102.106361802.21333770311
{ 1614065281762354142397499 }
32.155.2511.60722.22082776052345
{ 188534950740517371377718047 }
52.784.2287.26415117474587660447
{ 2784348121586816764192543558 }
2.287.1471.16048.88716045.31274714688
{ 889256742462750917777829047405 }
5.7.13267.38448577867151108558182274
{ 19897027270592572386270914037052 }
2.2.7.7.337.1736688.3407647635528005880408
{ 5804231316587667329353604881744643 }
18.6028517.31123737.1474281587.33760042451
{ 398092985673829153378118008362988003 }
146004.125647651782341330407783225433557
{ 2771121196129226407570254630495675652 }
2.2.7.4347477243146151040038622470384042627
{ 38014265048280102906825906538617200362 }
2.34.251067.115312073780770853630637487400388
{ 3174366027014007115032681816648440366981 }
1015.176641.4358588.128700662274.1833762755001735
{ 988672672724228816045260424479240974545093 }
6071424050278565362.14505480685173208744673577
{ 5904411758837684821877981517529569270105334 }
2.34.504.326271.4551820140016855.8328113487862420831
{ 187710901938761293129697997009992761457130301 }
2805141286752.7374806028432586230051746074647725
{ 227483306227710056341443671328713929856704562 }
2.21.755.1132.1152.36071883466221341.14168035022041655358
{ 1157032334645430966162236797093222323066230870348 }
2.2.15148.76167831.3116836755.11707060527255763842236083115
{ 842215843447924559432461395716631806403953163793718 }
2.81.151608.2382817.2632828.1061688222407248015232472863580011
{ 795219321072877376857218855558365446857669500709354925 }
5.5.7.18.32414401.568712301.4216450266210608.641568665074441752237
{ 125227698070801489245047832929223476402006334540076500736 }
2.2.2.2.2.2.2.2.12.842577581770562618.2251483067212747387.6086413227576576071
{ 238751235423680766732562199126251887735454091435600146091599918 }
2.12167.73504.108132452837302360817048425155477017123362884383683148635
{ 18378106211189034936710423153385103901961481657329622963165451819 }
177.2768.4124.16112.877321544.2210661433571231.210384138842432674143888372775
{ 11705277093919414803225177711629863670127816179161645607215781071337 }
67.232.24838027142847564.36382270332780257751753247114817232820728603063307
{ 383857123800847698491178863951077036987999163092416457031825994147688 }
2.2.2.14062.101245.38178022.323856064.4383136700442875.735556377270760563051381202535
{ 7488626303961433077838210749436869632067709786410575324463531560922297692 }
2.2.25.117.308.8544.35072848.1211521572.5085031380402.2004636045611785617350627765542487134
{ 443188614743732432638153121984208053604025097232804330951346795835559270938842 }
2.414.122513537.4547155884826700274.3711002450807442330076155566848247263500444065032865
{ 39219216888227307290023181153131157491488930396970993665260405736946587341575622 }
2.7.767885250737.17454427248364615668825248250602587711686228121012547025266438522562374
{ 411911711963599659587287415844215913469128750302858492697094194927573153634194127 }
3181.1183442.580360205567528577778336740464625.1111078354703203703288433240561720460708014
{ 37286767478416515925154279573030840665946458025136924653960237876376096813858724546 }
2.7.862124.336256064.55671624550635445632271074541272880338677212281044363186422735663230355
{ 301480487082168743358946686228647079241550597835440122920191575077697999454517942134 }
2.1437611.368747636858041647.2266036301820036788343823005612686711874000328365581364842636101
{ 18331484226291730841588567999362878436158497498905713770016553093889658801429771457783 }
30141.206018.17244537.2480222015128374.607341384400006820374521847737574314826614324556027552028
{ 2069142971735842691253660180274785814567246568158449176626708070146421423314869031765139 }
315.85037620871485336311886775402555048418428124335151355333861283688275676666507302642771427
{ 2183337634166472949346748883632256943530009912209349931263821784920013729865898378487900 }
2.2.5.5.1684.22212.24840166342283477127.268180201503011885338.738375813714806445838477604375000574580851
{ 10305724240400105089921178026931235023020617568768154273419967057798925116771687755714248961 }
prime 45
[ 9 ]
3.3
{ 30 }
2.3.5
{ 194 }
2.117
{ 1555 }
5.375
{ 3956 }
2.2.25.47
{ 133126 }
2.7.41.315
{ 1503455 }
5.507421
{ 2957896 }
2.2.2.34.17322
{ 872342804 }
2.2.25.337.51854
{ 70742153407 }
prime 9
[ 10 ]
2.5
{ 23 }
prime 1
[ 11 ]
prime 0
[ 12 ]
2.2.3
{ 183 }
3.67
{ 304 }
2.2.2.2.21
{ 132859 }
prime 3
[ 13 ]
prime 0
[ 14 ]
2.7
{ 25 }
5.5
{ 50 }
2.5.5
{ 212 }
2.2.58
{ 1673 }
7.285
{ 5342 }
2.3587
{ 15793 }
18.1242
{ 112466 }
2.58.1408
{ 1411676 }
2.2.7.76138
{ 11092580 }
2.2.5.21.44034
{ 886000387 }
151.14112714
{ 5473909948 }
2.2.14.240063767
{ 632762926036 }
2.2.503276683184
{ 5806781461129 }
12.1773514631832
{ 28488413335358 }
2.55381706760861
{ 59997791577601 }
11481.16024.1305127
{ 2171088254633119 }
74.205.7411.74134228
{ 13842105663644270 }
2.5.285.3882244.5121864
{ 389052876513779824 }
2.2.2.2.3127.41482638161241
{ 246207668976540968536 }
2.2.2.7.328.87338618022841624
{ 20003862186135588438355 }
5.40005.1012242828255802847
{ 434290874537745810547045 }
5.51210211.18146255771250285
{ 3999266924766999618969095 }
5.65.1743141422.74574765283821
{ 37027862046852848715981106 }
2.274.1010777214311521374137108
{ 1211174752096519624785357620 }
2.2.5.1033172257100600467643723854
{ 96879870847666525365738899266 }
2.1868.126314.177046284.21287630380171
{ 68584864644949611849115528674226 }
2.122.8006777638328800470760832360437
{ 595129870792454341666734080999044 }
2.2.12.14.14.25.225347.62087714071.4166172573331
{ 36747480950525435417237727411963283243 }
prime 28
[ 15 ]
3.5
{ 32 }
2.2.2.2.2
{ 14762 }
2.12.12.67
{ 1136005 }
5.14.25868
{ 24699959 }
prime 4
[ 16 ]
2.2.2.2
{ 1640 }
2.2.2.5.45
{ 133124 }
2.2.25.1877
{ 10781170 }
2.5.21.218.382
{ 1000302770 }
2.5.41.308.15687
{ 81803601970 }
2.5.34.611477764
{ 734038288753 }
7.12.41.587725168
{ 18152844659792 }
2.2.2.2.582.6101818387
{ 4170332496773842 }
2.7.1401633576507025
{ 46623385613922728 }
2.2.2.14.32.60654503801115
{ 27341991772172340557 }
7.267.104057816858215008
{ 799421543281613713283 }
584118.12055863068286311
{ 5849473728810044511532 }
2.2.87.7004.18538671284171027
{ 185988036526011144982285 }
5.52.52.25475.110265.42426516865
{ 36101002668975650207189066 }
2.7.134564674625.252204466042712
{ 1462728010799770101352482005 }
5.21.782.263466586277347281635752
{ 24706642799795731394183881076 }
2.2.1442.4348.6245522634.2513367683285
{ 7693878246783667744896979365164 }
2.2.48487.1014387085440880716038251645
{ 635060954647693199277619961789768 }
2.2.2.7.18.867242.17150733235602120410280471
{ 457582914034573663691835451334711542 }
2.21.24407.285183015.57785818723038028636754
{ 36754969955889100538039980590553545904 }
2.2.2.2.25.4380853837538387141560365632131021215
{ 26938816616289031467565624516763991810500 }
2.2.5.5.5.1587.362138.4721382576818610646768188187165
{ 20000997777944899193103450847872382980376886 }
2.12.7147.1050775.440453511057.22128608487784027416024
{ 13652021026358042621660234131857113205957937621 }
12.58.755.231472.12828831.1013353808568108815237252244547
{ 6011762491122768491144522410597758902106045253918 }
2.81.6421676481110545040614353536810264274204105276058
{ 13498256163421167187428677369827888657936273582298 }
2.18.25.4720533575.11270400075.7668406546722.5132588837081112
{ 7484587412416664753412066960511695957488947430096252 }
2.2.3244.146078443412854242844233051870063360547653048348338
{ 619732459741695930904061660912183831830228267945560548 }
2.2.5026200428.75644322576470604742.116510130456600550038167618
{ 50679258608436710655788351200273862477017728909949973327 }
67.122.25868.48007.287367.1252128.3844172376683083311425404638181234
{ 109867326410150178943047868339568685239457199005866770511701 }
47.731140507733715554048468055654.1660542737456332580448180888034
{ 708646824751031287536320973978656034368961309083073316036051 }
164.737.5871.515662668828380708206743630741788362685326835305423484
{ 2261407992583580847062886412009459087926557871718800836063086 }
2.515.888661.6160353571335216788353077.216033014330448502740166507057
{ 30373062388754989444949992224644024874450076684285443067994404 }
2.2.21.25.234.26782533134317080202.1418125708885376885848636683713377624561
{ 173947490552881301097370774860219762056978062753405677449205359161 }
18.108.278.75227501437.3132146065631.148552184315451.7360661741883007153541355
{ 107286103211002314246942865332107514229475589613444410731815221591731 }
52.18048.138557.484232.5434828410057628.352554585121820616367160122158765011105
{ 23960750888870468610401744979495662123738511388476108465117238337645780 }
2.2.5.18.25.4674112.236053554.3408574347187660070883047330245113271327883405474418715
{ 68526848471071353058480340729270870290980023280853943722445293223122485530 }
2.5.2785741235475856868.80334844272676273422440102.71604466164653638140270273811722
{ 698893763402767773596165429227135384104613193401253551822865148793189034702 }
2.35855273571.24372333351511.3358556025516382312.333420012744080453136380586081245275
{ 52584359490405481223878701484847300362507408806371696473947565929152170815752 }
2.2.2.21.34.78.827.3687656567565.107750171117336645026504516386722274113652645325751330215741
{ 322498811098393172991865202254412099938391452329724914261349635926967235554051532 }
2.2.78.5687103370235452466100177675031664465387641654318656547633670573553561365434158082
{ 2993602640381448219018961565963520610740503502498630329818437779621349124650834944 }
2.2.2.2.2.2.2.2.2.2.7.7.2645538050034.100181137228350346606805473577203643367782631114508668174825886801875
{ 124949895220807672089840019521949585155297775025105456144614767009936214455645511803214178 }
2.108.10525354.857581541656362172856643533158404057813516086276274433664654300643756254736386522745
{ 9546285313858637830207683624867224332700633365018887223908148316265603694440165212869946597 }
7130145.21150655.13455054080581685178023823204108231818177.81054375438665416118015772335404522480168
{ 289393268794970003234682969665491646727843444138028074197014792444078662383455767187428692588 }
2.2.14602134.121484347130461.17048470465838183580612.47017147632102635001883610336305851680232162177534417
{ 595233888314355297792097589901378376533082930863811053230667331559990588879239800375588878911282 }
2.14.67.11344.11748.12210624011036333346828.75536204251528386112267215.62685220787544228683308734582028761328164
{ 3781314811078851120031349951481012345734937869299718883280388950503566306443868196030278028313110973 }
41.528.28317.67275.123885.8203567.24886265.58270681064.1761667060075070448742667316310123425851204461236713703676717
{ 5306370718056224795671719037808594940851048782108173915688103627449915316313622729336564688815911584785 }
5.67.10042.42562.664557175182.30213583205488015615115387.170004408824787158518086502312.515301523574708546237852568255
{ 5329433927009606165053073278812358054395827135723585983494074126981641081458920750267240718212599485724568 }
2.2.2.47.78.788.1210620745744248356388355381138.277318840222124863203033778250840418.43722304814107606613416131442700644437
{ 13693782823637418539873937377465469544030202680177202580630425456657369426206277792428407725874131498612968558 }
2.14.18.25.32.32.8457032477565.12883057144263267517786320767735544757026444113205852374778718820756451443258607301306438867487
{ 86237966000468679294133902017046709668634334496410131340212090692253797646620625016814461141000570316064096198795 }
5.47.172777.753151225.67728177162838247621288202874673888680111.6246874685342760185344780186345375277082222786331307531366807
{ 1985394824413510489143894861614751694151514577753599256351490656988171791031411337844511607273276381685639937873500 }
2.2.5.5.5.25155732653383003134115542.4376064355484013581683706051460674171.6326010127500185246326256011850057317622671523844321367
{ 599415284393144421963493318120212261337779424424338151983397025825062975435948890714709647433862701381607675159035152 }
2.2.2.2.7.52.114055288757.5314078458101080088.1261016627686704248567.31615781360764176486855872076422508656560211688105446201260312787274
{ 34764664887273287515890533612254554183212283568684829704762067399192573146390298424631811907176581729910810340852927128398 }
2.8724.71574144.10281660385531334133183014678887454505852.1345827757168508728311806464312876435014862453166025584563534445137757127884
{ 3726684677889395190361080320870543095451627547616299230199377482121647626760080254651561115759769542990701710296132997645660 }
2.2.5.14.47235.74773771220436847.3185244732860450268611743162161366084117504061.571757233785483411582210208034227008783087001777438346171514
{ 2084923022034791073630933868967095161140319492878992331381288603786152517471301671039988517517610134590543318147228449177496552 }
2.2.2.328.1004.52044.2305445.70268781.281710706814341.8003140850652384116602.24603174226642833687104007473638351372312154286047336358211341031451217
{ 121252346801956530038789079543122021280379689734456056006397304566650792078069957208005831821583067030373084223051479099857305008586 }
2.7.7.47.342.5336566663315406243377845564588886375251644346002884.16183511746633873154286474560854573725703845136272413867123257343537002612347351
{ 12523142012976885802406864740628384904206651733457392351674374660297794937973996972771477980896942230094240168897578608292434326271180 }
2.2.5.7.205746504071.7154162781244788.100357032538300522781052620368132808420111780605086465348487574302115154810086758371453475350606617715457271827
{ 7294657098261879365181683463738097190898675904336522925539855669316078834397827787012167405373845186401550152286492485133023597621676071 }
2038.631142248306282568580574263767.15256134570575175411288728116878830761766060853851217277046838133386061773468247617718832113785645315455226028
{ 58643008647748607075724900391243536218988661604576685385680160094242322162484438615460242973575018936586116989254385992543264207455157985 }
5.7.7015201378620780271767470744076400811053741008420635452.606415586436433242025140435674317067185471456127766450201812118171417512631682034685615
{ 167843790955898337237995830219127407887325060044674008586219573405426672853027254689350961644632305290370462427916108369072039482735566352 }
2.2.2.2.117.21848.161702.28467467812035.322280525834704.6187861410001082600474213216515224360622272583000361444270742677444357737878151034820154333631680311477
{ 34220436906820598915866935675071189899056360132330713571979658038533676523855109131347119298061842920200264928831078567715755269252765847274918 }
2.7.274.425.2241.2432.38567731171.4280513367817.22103006170577024.3557421128557742365564560407458656201380506421150402378011082018084340087380547686543243757514288
{ 280695617952483479829053939214296421862161672897437199715043894066802812490972648457568773098542467043279068035785591707531702086373950999982425557 }
18.21.267.7027118636574657505617.121507801202270275681017.11402735724258165300147102.1002088305300318126183057275624168124.2032726730650588242035600635467257660220718
{ 11286775043343812052497038168192696138769275692346491332002656912071409638654374523270915003741929647282762691640851025431170218035823624253202821934208 }
2.2.2.2.2.2.2.1043308.1213875217653053358.32527566641678076737138118204422165614137111381146742.24755764822162621138210588804217527257751666211834423688677844502476126448443532
{ 63415661546460245924177443643034103633650817278280436600756590198056628348960848407379964624886900519378817601941264825791242031402699677762650723164148856154 }
2.3057.14015.1764585104447664481158.6476057807172055064006454.18347142574632024856020506066777184501.77664278227844225074240136008247154348088421810587710411525731274724502777
{ 48105593992988874874135135445712634925394347607270790770650553239966807823992679464379075154054265319749607148888573616118604661115647034415996405116429774698176 }
2.2.2.2.2.2.124761.227172735227428106006035503467231602605542787310830386748840188355537683636842271314454761422653634173046572447486146777648270727633150368357106754625523114284867
{ 2729834383425986796894613109748930923345130654317933406625382906771659342141577729409038978612462840876981407878533921573329507749497024280013372741055066575993176640 }
2.2.2.2.2.2.5.12.45.131.1408.6085.102254821.15453873282072507124054.367571876444761682142411378705446153852550882731283614526674751237363787217655551416221270710285837540638083624780820785762786182
{ 1057597185698096196983961870725115475284062110683571676115076881414555262556010796407520566958148741187568330664006866671243254656819537655327620249115252301026224505732837081 }
14.102.5472102044.(457188845498058249982740523542999327700537469158475198347781735231743836987289066182473721438141599277545327879996353618722651226402398590865635515375450784133379)
#1000@1m,4590@11m

